This is pdfTeX, Version 3.1415926-1.40.11 (TeX Live 2010) (format=pdflatex 2010.11.9)  16 JAN 2012 15:33
entering extended mode
 restricted \write18 enabled.
 %&-line parsing enabled.
**metric.tex
(./metric.tex
LaTeX2e <2009/09/24>
Babel <v3.8l> and hyphenation patterns for english, dumylang, nohyphenation, ge
rman-x-2009-06-19, ngerman-x-2009-06-19, ancientgreek, ibycus, arabic, armenian
, basque, bulgarian, catalan, pinyin, coptic, croatian, czech, danish, dutch, u
kenglish, usenglishmax, esperanto, estonian, farsi, finnish, french, galician, 
german, ngerman, swissgerman, monogreek, greek, hungarian, icelandic, assamese,
 bengali, gujarati, hindi, kannada, malayalam, marathi, oriya, panjabi, tamil, 
telugu, indonesian, interlingua, irish, italian, kurmanji, lao, latin, latvian,
 lithuanian, mongolian, mongolianlmc, bokmal, nynorsk, polish, portuguese, roma
nian, russian, sanskrit, serbian, slovak, slovenian, spanish, swedish, turkish,
 turkmen, ukrainian, uppersorbian, welsh, loaded.
(/usr/local/texlive/2010/texmf-dist/tex/latex/amscls/amsart.cls
Document Class: amsart 2009/07/02 v2.20.1
\linespacing=\dimen102
\normalparindent=\dimen103
\normaltopskip=\skip41
(/usr/local/texlive/2010/texmf-dist/tex/latex/amsmath/amsmath.sty
Package: amsmath 2000/07/18 v2.13 AMS math features
\@mathmargin=\skip42

For additional information on amsmath, use the `?' option.
(/usr/local/texlive/2010/texmf-dist/tex/latex/amsmath/amstext.sty
Package: amstext 2000/06/29 v2.01

(/usr/local/texlive/2010/texmf-dist/tex/latex/amsmath/amsgen.sty
File: amsgen.sty 1999/11/30 v2.0
\@emptytoks=\toks14
\ex@=\dimen104
))
(/usr/local/texlive/2010/texmf-dist/tex/latex/amsmath/amsbsy.sty
Package: amsbsy 1999/11/29 v1.2d
\pmbraise@=\dimen105
)
(/usr/local/texlive/2010/texmf-dist/tex/latex/amsmath/amsopn.sty
Package: amsopn 1999/12/14 v2.01 operator names
)
\inf@bad=\count79
LaTeX Info: Redefining \frac on input line 211.
\uproot@=\count80
\leftroot@=\count81
LaTeX Info: Redefining \overline on input line 307.
\classnum@=\count82
\DOTSCASE@=\count83
LaTeX Info: Redefining \ldots on input line 379.
LaTeX Info: Redefining \dots on input line 382.
LaTeX Info: Redefining \cdots on input line 467.
\Mathstrutbox@=\box26
\strutbox@=\box27
\big@size=\dimen106
LaTeX Font Info:    Redeclaring font encoding OML on input line 567.
LaTeX Font Info:    Redeclaring font encoding OMS on input line 568.
\macc@depth=\count84
\c@MaxMatrixCols=\count85
\dotsspace@=\muskip10
\c@parentequation=\count86
\dspbrk@lvl=\count87
\tag@help=\toks15
\row@=\count88
\column@=\count89
\maxfields@=\count90
\andhelp@=\toks16
\eqnshift@=\dimen107
\alignsep@=\dimen108
\tagshift@=\dimen109
\tagwidth@=\dimen110
\totwidth@=\dimen111
\lineht@=\dimen112
\@envbody=\toks17
\multlinegap=\skip43
\multlinetaggap=\skip44
\mathdisplay@stack=\toks18
LaTeX Info: Redefining \[ on input line 2666.
LaTeX Info: Redefining \] on input line 2667.
)
LaTeX Font Info:    Try loading font information for U+msa on input line 388.

(/usr/local/texlive/2010/texmf-dist/tex/latex/amsfonts/umsa.fd
File: umsa.fd 2009/06/22 v3.00 AMS symbols A
)
(/usr/local/texlive/2010/texmf-dist/tex/latex/amsfonts/amsfonts.sty
Package: amsfonts 2009/06/22 v3.00 Basic AMSFonts support
\symAMSa=\mathgroup4
\symAMSb=\mathgroup5
LaTeX Font Info:    Overwriting math alphabet `\mathfrak' in version `bold'
(Font)                  U/euf/m/n --> U/euf/b/n on input line 96.
)
\copyins=\insert233
\abstractbox=\box28
\listisep=\skip45
\c@part=\count91
\c@section=\count92
\c@subsection=\count93
\c@subsubsection=\count94
\c@paragraph=\count95
\c@subparagraph=\count96
\c@figure=\count97
\c@table=\count98
\abovecaptionskip=\skip46
\belowcaptionskip=\skip47
\captionindent=\dimen113
\thm@style=\toks19
\thm@bodyfont=\toks20
\thm@headfont=\toks21
\thm@notefont=\toks22
\thm@headpunct=\toks23
\thm@preskip=\skip48
\thm@postskip=\skip49
\thm@headsep=\skip50
\dth@everypar=\toks24
)
(/usr/local/texlive/2010/texmf-dist/tex/latex/amsaddr/amsaddr.sty
\c@g@author=\count99
)
(/usr/local/texlive/2010/texmf-dist/tex/latex/amsfonts/amssymb.sty
Package: amssymb 2009/06/22 v3.00
)
(/usr/local/texlive/2010/texmf-dist/tex/latex/tools/enumerate.sty
Package: enumerate 1999/03/05 v3.00 enumerate extensions (DPC)
\@enLab=\toks25
)
(/usr/local/texlive/2010/texmf-dist/tex/latex/comment/comment.sty
\CommentStream=\write3

Excluding comment 'comment')
(/usr/local/texlive/2010/texmf-dist/tex/generic/babel/babel.sty
Package: babel 2008/07/06 v3.8l The Babel package

(/usr/local/texlive/2010/texmf-dist/tex/generic/babel/english.ldf
Language: english 2005/03/30 v3.3o English support from the babel system

(/usr/local/texlive/2010/texmf-dist/tex/generic/babel/babel.def
File: babel.def 2008/07/06 v3.8l Babel common definitions
\babel@savecnt=\count100
\U@D=\dimen114
)
\l@canadian = a dialect from \language\l@american 
\l@australian = a dialect from \language\l@british 
\l@newzealand = a dialect from \language\l@british 
))
(/usr/local/texlive/2010/texmf-dist/tex/latex/mh/mathtools.sty
Package: mathtools 2010/07/11 v1.08 mathematical typesetting tools (MH)

(/usr/local/texlive/2010/texmf-dist/tex/latex/graphics/keyval.sty
Package: keyval 1999/03/16 v1.13 key=value parser (DPC)
\KV@toks@=\toks26
)
(/usr/local/texlive/2010/texmf-dist/tex/latex/tools/calc.sty
Package: calc 2007/08/22 v4.3 Infix arithmetic (KKT,FJ)
\calc@Acount=\count101
\calc@Bcount=\count102
\calc@Adimen=\dimen115
\calc@Bdimen=\dimen116
\calc@Askip=\skip51
\calc@Bskip=\skip52
LaTeX Info: Redefining \setlength on input line 76.
LaTeX Info: Redefining \addtolength on input line 77.
\calc@Ccount=\count103
\calc@Cskip=\skip53
)
(/usr/local/texlive/2010/texmf-dist/tex/latex/graphics/graphicx.sty
Package: graphicx 1999/02/16 v1.0f Enhanced LaTeX Graphics (DPC,SPQR)

(/usr/local/texlive/2010/texmf-dist/tex/latex/graphics/graphics.sty
Package: graphics 2009/02/05 v1.0o Standard LaTeX Graphics (DPC,SPQR)

(/usr/local/texlive/2010/texmf-dist/tex/latex/graphics/trig.sty
Package: trig 1999/03/16 v1.09 sin cos tan (DPC)
)
(/usr/local/texlive/2010/texmf-dist/tex/latex/latexconfig/graphics.cfg
File: graphics.cfg 2010/04/23 v1.9 graphics configuration of TeX Live
)
Package graphics Info: Driver file: pdftex.def on input line 91.

(/usr/local/texlive/2010/texmf-dist/tex/latex/pdftex-def/pdftex.def
File: pdftex.def 2010/02/14 v0.04n Graphics/color for pdfTeX
\Gread@gobject=\count104
))
\Gin@req@height=\dimen117
\Gin@req@width=\dimen118
)
(/usr/local/texlive/2010/texmf-dist/tex/latex/mh/mhsetup.sty
Package: mhsetup 2010/01/21 v1.2a programming setup (MH)
)
\g_MT_multlinerow_int=\count105
\l_MT_multwidth_dim=\dimen119
)
(/usr/local/texlive/2010/texmf-dist/tex/latex/psnfss/mathptmx.sty
Package: mathptmx 2005/04/12 PSNFSS-v9.2a Times w/ Math, improved (SPQR, WaS) 
LaTeX Font Info:    Redeclaring symbol font `operators' on input line 28.
LaTeX Font Info:    Overwriting symbol font `operators' in version `normal'
(Font)                  OT1/cmr/m/n --> OT1/ztmcm/m/n on input line 28.
LaTeX Font Info:    Overwriting symbol font `operators' in version `bold'
(Font)                  OT1/cmr/bx/n --> OT1/ztmcm/m/n on input line 28.
LaTeX Font Info:    Redeclaring symbol font `letters' on input line 29.
LaTeX Font Info:    Overwriting symbol font `letters' in version `normal'
(Font)                  OML/cmm/m/it --> OML/ztmcm/m/it on input line 29.
LaTeX Font Info:    Overwriting symbol font `letters' in version `bold'
(Font)                  OML/cmm/b/it --> OML/ztmcm/m/it on input line 29.
LaTeX Font Info:    Redeclaring symbol font `symbols' on input line 30.
LaTeX Font Info:    Overwriting symbol font `symbols' in version `normal'
(Font)                  OMS/cmsy/m/n --> OMS/ztmcm/m/n on input line 30.
LaTeX Font Info:    Overwriting symbol font `symbols' in version `bold'
(Font)                  OMS/cmsy/b/n --> OMS/ztmcm/m/n on input line 30.
LaTeX Font Info:    Redeclaring symbol font `largesymbols' on input line 31.
LaTeX Font Info:    Overwriting symbol font `largesymbols' in version `normal'
(Font)                  OMX/cmex/m/n --> OMX/ztmcm/m/n on input line 31.
LaTeX Font Info:    Overwriting symbol font `largesymbols' in version `bold'
(Font)                  OMX/cmex/m/n --> OMX/ztmcm/m/n on input line 31.
\symbold=\mathgroup6
\symitalic=\mathgroup7
LaTeX Font Info:    Redeclaring math alphabet \mathbf on input line 34.
LaTeX Font Info:    Overwriting math alphabet `\mathbf' in version `normal'
(Font)                  OT1/cmr/bx/n --> OT1/ptm/bx/n on input line 34.
LaTeX Font Info:    Overwriting math alphabet `\mathbf' in version `bold'
(Font)                  OT1/cmr/bx/n --> OT1/ptm/bx/n on input line 34.
LaTeX Font Info:    Redeclaring math alphabet \mathit on input line 35.
LaTeX Font Info:    Overwriting math alphabet `\mathit' in version `normal'
(Font)                  OT1/cmr/m/it --> OT1/ptm/m/it on input line 35.
LaTeX Font Info:    Overwriting math alphabet `\mathit' in version `bold'
(Font)                  OT1/cmr/bx/it --> OT1/ptm/m/it on input line 35.
LaTeX Info: Redefining \hbar on input line 50.
)
(/usr/local/texlive/2010/texmf-dist/tex/latex/psnfss/helvet.sty
Package: helvet 2005/04/12 PSNFSS-v9.2a (WaS) 
)
(/usr/local/texlive/2010/texmf-dist/tex/latex/psnfss/courier.sty
Package: courier 2005/04/12 PSNFSS-v9.2a (WaS) 
)
(/usr/local/texlive/2010/texmf-dist/tex/latex/psnfss/times.sty
Package: times 2005/04/12 PSNFSS-v9.2a (SPQR) 
)
(/usr/local/texlive/2010/texmf-dist/tex/latex/amsfonts/eucal.sty
Package: eucal 2009/06/22 v3.00 Euler Script fonts
LaTeX Font Info:    Overwriting math alphabet `\EuScript' in version `bold'
(Font)                  U/eus/m/n --> U/eus/b/n on input line 33.
)
(/usr/local/texlive/2010/texmf-dist/tex/latex/microtype/microtype.sty
Package: microtype 2010/01/10 v2.4 Micro-typography with pdfTeX (RS)
\MT@toks=\toks27
\MT@count=\count106
LaTeX Info: Redefining \lsstyle on input line 1597.
LaTeX Info: Redefining \lslig on input line 1597.
\MT@outer@space=\skip54
LaTeX Info: Redefining \textls on input line 1605.
\MT@outer@kern=\dimen120
LaTeX Info: Redefining \textmicrotypecontext on input line 2156.
Package microtype Info: Loading configuration file microtype.cfg.

(/usr/local/texlive/2010/texmf-dist/tex/latex/microtype/microtype.cfg
File: microtype.cfg 2010/01/10 v2.4 microtype main configuration file (RS)
))
(/usr/local/texlive/2010/texmf-dist/tex/latex/natbib/natbib.sty
Package: natbib 2009/11/07 8.31a (PWD, AO)
\bibhang=\skip55
\bibsep=\skip56
LaTeX Info: Redefining \cite on input line 694.
\c@NAT@ctr=\count107
)
(/usr/local/texlive/2010/texmf-dist/tex/latex/enumitem/enumitem.sty
Package: enumitem 2009/05/18 v2.2 Customized lists
\enit@toks=\toks28
\labelindent=\skip57
\enit@outerparindent=\dimen121
\enitdp@desc=\count108
)
(/usr/local/texlive/2010/texmf-dist/tex/latex/units/nicefrac.sty
Package: nicefrac 1998/08/04 v0.9b Nice fractions
\L@UnitsRaiseDisplaystyle=\skip58
\L@UnitsRaiseTextstyle=\skip59
\L@UnitsRaiseScriptstyle=\skip60

(/usr/local/texlive/2010/texmf-dist/tex/latex/base/ifthen.sty
Package: ifthen 2001/05/26 v1.1c Standard LaTeX ifthen package (DPC)
))
(/usr/local/texlive/2010/texmf-dist/tex/latex/multirow/multirow.sty
\bigstrutjot=\dimen122
)
(/usr/local/texlive/2010/texmf-dist/tex/latex/hyperref/hyperref.sty
Package: hyperref 2010/06/18 v6.81g Hypertext links for LaTeX

(/usr/local/texlive/2010/texmf-dist/tex/generic/oberdiek/ltxcmds.sty
Package: ltxcmds 2010/04/26 v1.7 LaTeX kernel commands for general use (HO)
)
(/usr/local/texlive/2010/texmf-dist/tex/generic/oberdiek/kvsetkeys.sty
Package: kvsetkeys 2010/03/01 v1.9 Key value parser (HO)

(/usr/local/texlive/2010/texmf-dist/tex/generic/oberdiek/infwarerr.sty
Package: infwarerr 2010/04/08 v1.3 Providing info/warning/message (HO)
)
(/usr/local/texlive/2010/texmf-dist/tex/generic/oberdiek/etexcmds.sty
Package: etexcmds 2010/01/28 v1.3 Prefix for e-TeX command names (HO)
Package etexcmds Info: Could not find \expanded.
(etexcmds)             That can mean that you are not using pdfTeX 1.50 or
(etexcmds)             that some package has redefined \expanded.
(etexcmds)             In the latter case, load this package earlier.
))
(/usr/local/texlive/2010/texmf-dist/tex/generic/oberdiek/pdfescape.sty
Package: pdfescape 2010/03/01 v1.9 Provides hex, PDF name and string conversion
s (HO)

(/usr/local/texlive/2010/texmf-dist/tex/generic/oberdiek/pdftexcmds.sty
Package: pdftexcmds 2010/04/01 v0.9 Utility functions of pdfTeX for LuaTeX (HO)


(/usr/local/texlive/2010/texmf-dist/tex/generic/oberdiek/ifluatex.sty
Package: ifluatex 2010/03/01 v1.3 Provides the ifluatex switch (HO)
Package ifluatex Info: LuaTeX not detected.
)
Package pdftexcmds Info: LuaTeX not detected.
Package pdftexcmds Info: \pdf@primitive is available.
Package pdftexcmds Info: \pdf@ifprimitive is available.
))
(/usr/local/texlive/2010/texmf-dist/tex/generic/oberdiek/ifpdf.sty
Package: ifpdf 2010/01/28 v2.1 Provides the ifpdf switch (HO)
Package ifpdf Info: pdfTeX in pdf mode detected.
)
(/usr/local/texlive/2010/texmf-dist/tex/generic/oberdiek/ifvtex.sty
Package: ifvtex 2010/03/01 v1.5 Switches for detecting VTeX and its modes (HO)
Package ifvtex Info: VTeX not detected.
)
(/usr/local/texlive/2010/texmf-dist/tex/generic/ifxetex/ifxetex.sty
Package: ifxetex 2009/01/23 v0.5 Provides ifxetex conditional
)
(/usr/local/texlive/2010/texmf-dist/tex/latex/oberdiek/hycolor.sty
Package: hycolor 2009/12/12 v1.6 Color options of hyperref/bookmark (HO)

(/usr/local/texlive/2010/texmf-dist/tex/latex/oberdiek/xcolor-patch.sty
Package: xcolor-patch 2009/12/12 xcolor patch
))
(/usr/local/texlive/2010/texmf-dist/tex/latex/oberdiek/letltxmacro.sty
Package: letltxmacro 2008/06/24 v1.3 Let assignment for LaTeX macros (HO)
)
\@linkdim=\dimen123
\Hy@linkcounter=\count109
\Hy@pagecounter=\count110

(/usr/local/texlive/2010/texmf-dist/tex/latex/hyperref/pd1enc.def
File: pd1enc.def 2010/06/18 v6.81g Hyperref: PDFDocEncoding definition (HO)
)
(/usr/local/texlive/2010/texmf-dist/tex/generic/oberdiek/intcalc.sty
Package: intcalc 2007/09/27 v1.1 Expandable integer calculations (HO)
)
(/usr/local/texlive/2010/texmf-dist/tex/latex/latexconfig/hyperref.cfg
File: hyperref.cfg 2002/06/06 v1.2 hyperref configuration of TeXLive
)
(/usr/local/texlive/2010/texmf-dist/tex/latex/oberdiek/kvoptions.sty
Package: kvoptions 2010/02/22 v3.7 Keyval support for LaTeX options (HO)
)
Package hyperref Info: Hyper figures OFF on input line 3658.
Package hyperref Info: Link nesting OFF on input line 3663.
Package hyperref Info: Hyper index ON on input line 3666.
Package hyperref Info: Plain pages OFF on input line 3673.
Package hyperref Info: Backreferencing OFF on input line 3678.

Implicit mode ON; LaTeX internals redefined
Package hyperref Info: Bookmarks ON on input line 3874.
(/usr/local/texlive/2010/texmf-dist/tex/latex/url/url.sty
\Urlmuskip=\muskip11
Package: url 2006/04/12  ver 3.3  Verb mode for urls, etc.
)
LaTeX Info: Redefining \url on input line 4159.

(/usr/local/texlive/2010/texmf-dist/tex/generic/oberdiek/bitset.sty
Package: bitset 2007/09/28 v1.0 Data type bit set (HO)

(/usr/local/texlive/2010/texmf-dist/tex/generic/oberdiek/bigintcalc.sty
Package: bigintcalc 2007/11/11 v1.1 Expandable big integer calculations (HO)
))
\Fld@menulength=\count111
\Field@Width=\dimen124
\Fld@charsize=\dimen125
\Field@toks=\toks29
Package hyperref Info: Hyper figures OFF on input line 5137.
Package hyperref Info: Link nesting OFF on input line 5142.
Package hyperref Info: Hyper index ON on input line 5145.
Package hyperref Info: backreferencing OFF on input line 5152.
Package hyperref Info: Link coloring OFF on input line 5157.
Package hyperref Info: Link coloring with OCG OFF on input line 5162.
Package hyperref Info: PDF/A mode OFF on input line 5167.
LaTeX Info: Redefining \ref on input line 5207.
LaTeX Info: Redefining \pageref on input line 5211.

(/usr/local/texlive/2010/texmf-dist/tex/generic/oberdiek/atbegshi.sty
Package: atbegshi 2010/03/25 v1.12 At begin shipout hook (HO)
)
\Hy@abspage=\count112
\c@Item=\count113
\c@Hfootnote=\count114
)
* hyperref using default driver hpdftex *
(/usr/local/texlive/2010/texmf-dist/tex/latex/hyperref/hpdftex.def
File: hpdftex.def 2010/06/18 v6.81g Hyperref driver for pdfTeX

(/usr/local/texlive/2010/texmf-dist/tex/latex/oberdiek/atveryend.sty
Package: atveryend 2010/03/24 v1.5 Hooks at very end of document (HO)
Package atveryend Info: \enddocument detected (standard).
)
\Fld@listcount=\count115
\c@bookmark@seq@number=\count116

(/usr/local/texlive/2010/texmf-dist/tex/latex/oberdiek/rerunfilecheck.sty
Package: rerunfilecheck 2010/03/16 v1.6 Rerun checks for auxiliary files (HO)

(/usr/local/texlive/2010/texmf-dist/tex/generic/oberdiek/uniquecounter.sty
Package: uniquecounter 2009/12/18 v1.1 Provides unlimited unique counter (HO)
)
Package uniquecounter Info: New unique counter `rerunfilecheck' on input line 2
71.
)
\Hy@SectionHShift=\skip61
)
Package hyperref Info: Option `bookmarksnumbered' set `true' on input line 40.
Package hyperref Info: Option `breaklinks' set `false' on input line 47.
\c@theorem=\count117
\c@lemma=\count118
\c@proposition=\count119
\c@corollary=\count120
\c@remark=\count121
\c@example=\count122
\c@definition=\count123
\c@procedure=\count124

(/usr/local/texlive/2010/texmf-dist/tex/latex/tools/bm.sty
Package: bm 2004/02/26 v1.1c Bold Symbol Support (DPC/FMi)
LaTeX Info: Redefining \bm on input line 204.
)
(/usr/local/texlive/2010/texmf-dist/tex/latex/booktabs/booktabs.sty
Package: booktabs 2005/04/14 v1.61803 publication quality tables
\heavyrulewidth=\dimen126
\lightrulewidth=\dimen127
\cmidrulewidth=\dimen128
\belowrulesep=\dimen129
\belowbottomsep=\dimen130
\aboverulesep=\dimen131
\abovetopsep=\dimen132
\cmidrulesep=\dimen133
\cmidrulekern=\dimen134
\defaultaddspace=\dimen135
\@cmidla=\count125
\@cmidlb=\count126
\@aboverulesep=\dimen136
\@belowrulesep=\dimen137
\@thisruleclass=\count127
\@lastruleclass=\count128
\@thisrulewidth=\dimen138
)
(/usr/local/texlive/2010/texmf-dist/tex/latex/subfigure/subfigure.sty
Package: subfigure 2002/03/15 v2.1.5 subfigure package
\subfigtopskip=\skip62
\subfigcapskip=\skip63
\subfigcaptopadj=\dimen139
\subfigbottomskip=\skip64
\subfigcapmargin=\dimen140
\subfiglabelskip=\skip65
\c@subfigure=\count129
\c@lofdepth=\count130
\c@subtable=\count131
\c@lotdepth=\count132

****************************************
* Local config file subfigure.cfg used *
****************************************
(/usr/local/texlive/2010/texmf-dist/tex/latex/subfigure/subfigure.cfg)
\subfig@top=\skip66
\subfig@bottom=\skip67
)

! LaTeX Error: File `macros.tex' not found.

Type X to quit or <RETURN> to proceed,
or enter new name. (Default extension: tex)

Enter file name: 
(/usr/local/texlive/2010/texmf-dist/tex/latex/soul/soul.sty
Package: soul 2003/11/17 v2.4 letterspacing/underlining (mf)
\SOUL@word=\toks30
\SOUL@lasttoken=\toks31
\SOUL@cmds=\toks32
\SOUL@buffer=\toks33
\SOUL@token=\toks34
\SOUL@spaceskip=\skip68
\SOUL@ttwidth=\dimen141
\SOUL@uldp=\dimen142
\SOUL@ulht=\dimen143
)
(/usr/local/texlive/2010/texmf-dist/tex/latex/colortbl/colortbl.sty
Package: colortbl 2001/02/13 v0.1j Color table columns (DPC)

(/usr/local/texlive/2010/texmf-dist/tex/latex/tools/array.sty
Package: array 2008/09/09 v2.4c Tabular extension package (FMi)
\col@sep=\dimen144
\extrarowheight=\dimen145
\NC@list=\toks35
\extratabsurround=\skip69
\backup@length=\skip70
)
(/usr/local/texlive/2010/texmf-dist/tex/latex/graphics/color.sty
Package: color 2005/11/14 v1.0j Standard LaTeX Color (DPC)

(/usr/local/texlive/2010/texmf-dist/tex/latex/latexconfig/color.cfg
File: color.cfg 2007/01/18 v1.5 color configuration of teTeX/TeXLive
)
Package color Info: Driver file: pdftex.def on input line 130.
)
\everycr=\toks36
\minrowclearance=\skip71
)
(/usr/local/texlive/2010/texmf-dist/tex/latex/pgf/frontendlayer/tikz.sty
(/usr/local/texlive/2010/texmf-dist/tex/latex/pgf/basiclayer/pgf.sty
(/usr/local/texlive/2010/texmf-dist/tex/latex/pgf/utilities/pgfrcs.sty
(/usr/local/texlive/2010/texmf-dist/tex/generic/pgf/utilities/pgfutil-common.te
x
\pgfutil@everybye=\toks37
)
(/usr/local/texlive/2010/texmf-dist/tex/generic/pgf/utilities/pgfutil-latex.def
) (/usr/local/texlive/2010/texmf-dist/tex/generic/pgf/utilities/pgfrcs.code.tex
Package: pgfrcs 2008/02/20 v2.00 (rcs-revision 1.21)
))
Package: pgf 2008/01/15 v2.00 (rcs-revision 1.12)
 (/usr/local/texlive/2010/texmf-dist/tex/latex/pgf/basiclayer/pgfcore.sty
(/usr/local/texlive/2010/texmf-dist/tex/latex/pgf/systemlayer/pgfsys.sty
(/usr/local/texlive/2010/texmf-dist/tex/generic/pgf/systemlayer/pgfsys.code.tex
Package: pgfsys 2008/02/07 v2.00 (rcs-revision 1.31)
(/usr/local/texlive/2010/texmf-dist/tex/generic/pgf/utilities/pgfkeys.code.tex
\pgfkeys@pathtoks=\toks38
\pgfkeys@temptoks=\toks39
)
\pgf@x=\dimen146
\pgf@y=\dimen147
\pgf@xa=\dimen148
\pgf@ya=\dimen149
\pgf@xb=\dimen150
\pgf@yb=\dimen151
\pgf@xc=\dimen152
\pgf@yc=\dimen153
\c@pgf@counta=\count133
\c@pgf@countb=\count134
\c@pgf@countc=\count135
\c@pgf@countd=\count136
(/usr/local/texlive/2010/texmf-dist/tex/generic/pgf/systemlayer/pgf.cfg
File: pgf.cfg 2008/01/13  (rcs-revision 1.6)
)
Package pgfsys Info: Driver file for pgf: pgfsys-pdftex.def on input line 885.

(/usr/local/texlive/2010/texmf-dist/tex/generic/pgf/systemlayer/pgfsys-pdftex.d
ef
File: pgfsys-pdftex.def 2007/12/20  (rcs-revision 1.20)

(/usr/local/texlive/2010/texmf-dist/tex/generic/pgf/systemlayer/pgfsys-common-p
df.def
File: pgfsys-common-pdf.def 2007/12/17  (rcs-revision 1.8)
)))
(/usr/local/texlive/2010/texmf-dist/tex/generic/pgf/systemlayer/pgfsyssoftpath.
code.tex
File: pgfsyssoftpath.code.tex 2008/01/23  (rcs-revision 1.6)
\pgfsyssoftpath@smallbuffer@items=\count137
\pgfsyssoftpath@bigbuffer@items=\count138
)
(/usr/local/texlive/2010/texmf-dist/tex/generic/pgf/systemlayer/pgfsysprotocol.
code.tex
File: pgfsysprotocol.code.tex 2006/10/16  (rcs-revision 1.4)
)) (/usr/local/texlive/2010/texmf-dist/tex/latex/xcolor/xcolor.sty
Package: xcolor 2007/01/21 v2.11 LaTeX color extensions (UK)

(/usr/local/texlive/2010/texmf-dist/tex/latex/latexconfig/color.cfg
File: color.cfg 2007/01/18 v1.5 color configuration of teTeX/TeXLive
)
Package xcolor Info: Driver file: pdftex.def on input line 225.
LaTeX Info: Redefining \color on input line 702.
Package xcolor Info: Model `cmy' substituted by `cmy0' on input line 1337.
Package xcolor Info: Model `hsb' substituted by `rgb' on input line 1341.
Package xcolor Info: Model `RGB' extended on input line 1353.
Package xcolor Info: Model `HTML' substituted by `rgb' on input line 1355.
Package xcolor Info: Model `Hsb' substituted by `hsb' on input line 1356.
Package xcolor Info: Model `tHsb' substituted by `hsb' on input line 1357.
Package xcolor Info: Model `HSB' substituted by `hsb' on input line 1358.
Package xcolor Info: Model `Gray' substituted by `gray' on input line 1359.
Package xcolor Info: Model `wave' substituted by `hsb' on input line 1360.
)
(/usr/local/texlive/2010/texmf-dist/tex/generic/pgf/basiclayer/pgfcore.code.tex
Package: pgfcore 2008/01/15 v2.00 (rcs-revision 1.6)
(/usr/local/texlive/2010/texmf-dist/tex/generic/pgf/math/pgfmath.code.tex
(/usr/local/texlive/2010/texmf-dist/tex/generic/pgf/math/pgfmathcalc.code.tex
(/usr/local/texlive/2010/texmf-dist/tex/generic/pgf/math/pgfmathutil.code.tex
\pgfmath@box=\box29
)
(/usr/local/texlive/2010/texmf-dist/tex/generic/pgf/math/pgfmathparser.code.tex
\pgfmath@stack=\toks40
\c@pgfmath@parsecounta=\count139
\c@pgfmath@parsecountb=\count140
\c@pgfmath@parsecountc=\count141
\pgfmath@parsex=\dimen154
)
(/usr/local/texlive/2010/texmf-dist/tex/generic/pgf/math/pgfmathoperations.code
.tex
(/usr/local/texlive/2010/texmf-dist/tex/generic/pgf/math/pgfmathtrig.code.tex)
(/usr/local/texlive/2010/texmf-dist/tex/generic/pgf/math/pgfmathrnd.code.tex))
(/usr/local/texlive/2010/texmf-dist/tex/generic/pgf/math/pgfmathbase.code.tex))
)
(/usr/local/texlive/2010/texmf-dist/tex/generic/pgf/basiclayer/pgfcorepoints.co
de.tex
File: pgfcorepoints.code.tex 2008/02/03  (rcs-revision 1.13)
\pgf@picminx=\dimen155
\pgf@picmaxx=\dimen156
\pgf@picminy=\dimen157
\pgf@picmaxy=\dimen158
\pgf@pathminx=\dimen159
\pgf@pathmaxx=\dimen160
\pgf@pathminy=\dimen161
\pgf@pathmaxy=\dimen162
\pgf@xx=\dimen163
\pgf@xy=\dimen164
\pgf@yx=\dimen165
\pgf@yy=\dimen166
\pgf@zx=\dimen167
\pgf@zy=\dimen168
)
(/usr/local/texlive/2010/texmf-dist/tex/generic/pgf/basiclayer/pgfcorepathconst
ruct.code.tex
File: pgfcorepathconstruct.code.tex 2008/02/13  (rcs-revision 1.14)
\pgf@path@lastx=\dimen169
\pgf@path@lasty=\dimen170
)
(/usr/local/texlive/2010/texmf-dist/tex/generic/pgf/basiclayer/pgfcorepathusage
.code.tex
File: pgfcorepathusage.code.tex 2008/01/23  (rcs-revision 1.11)
\pgf@shorten@end@additional=\dimen171
\pgf@shorten@start@additional=\dimen172
)
(/usr/local/texlive/2010/texmf-dist/tex/generic/pgf/basiclayer/pgfcorescopes.co
de.tex
File: pgfcorescopes.code.tex 2008/01/15  (rcs-revision 1.26)
\pgfpic=\box30
\pgf@hbox=\box31
\pgf@layerbox@main=\box32
\pgf@picture@serial@count=\count142
)
(/usr/local/texlive/2010/texmf-dist/tex/generic/pgf/basiclayer/pgfcoregraphicst
ate.code.tex
File: pgfcoregraphicstate.code.tex 2007/12/12  (rcs-revision 1.8)
\pgflinewidth=\dimen173
)
(/usr/local/texlive/2010/texmf-dist/tex/generic/pgf/basiclayer/pgfcoretransform
ations.code.tex
File: pgfcoretransformations.code.tex 2008/02/04  (rcs-revision 1.10)
\pgf@pt@x=\dimen174
\pgf@pt@y=\dimen175
\pgf@pt@temp=\dimen176
)
(/usr/local/texlive/2010/texmf-dist/tex/generic/pgf/basiclayer/pgfcorequick.cod
e.tex
File: pgfcorequick.code.tex 2006/10/11  (rcs-revision 1.2)
)
(/usr/local/texlive/2010/texmf-dist/tex/generic/pgf/basiclayer/pgfcoreobjects.c
ode.tex
File: pgfcoreobjects.code.tex 2006/10/11  (rcs-revision 1.2)
)
(/usr/local/texlive/2010/texmf-dist/tex/generic/pgf/basiclayer/pgfcorepathproce
ssing.code.tex
File: pgfcorepathprocessing.code.tex 2008/01/23  (rcs-revision 1.7)
)
(/usr/local/texlive/2010/texmf-dist/tex/generic/pgf/basiclayer/pgfcorearrows.co
de.tex
File: pgfcorearrows.code.tex 2007/06/07  (rcs-revision 1.8)
)
(/usr/local/texlive/2010/texmf-dist/tex/generic/pgf/basiclayer/pgfcoreshade.cod
e.tex
File: pgfcoreshade.code.tex 2007/12/10  (rcs-revision 1.9)
\pgf@max=\dimen177
\pgf@sys@shading@range@num=\count143
)
(/usr/local/texlive/2010/texmf-dist/tex/generic/pgf/basiclayer/pgfcoreimage.cod
e.tex
File: pgfcoreimage.code.tex 2008/01/15  (rcs-revision 1.1)
\pgfexternal@startupbox=\box33
)
(/usr/local/texlive/2010/texmf-dist/tex/generic/pgf/basiclayer/pgfcorelayers.co
de.tex
File: pgfcorelayers.code.tex 2008/01/15  (rcs-revision 1.1)
)
(/usr/local/texlive/2010/texmf-dist/tex/generic/pgf/basiclayer/pgfcoretranspare
ncy.code.tex
File: pgfcoretransparency.code.tex 2008/01/17  (rcs-revision 1.2)
)
(/usr/local/texlive/2010/texmf-dist/tex/generic/pgf/basiclayer/pgfcorepatterns.
code.tex
File: pgfcorepatterns.code.tex 2008/01/15  (rcs-revision 1.1)
)))
(/usr/local/texlive/2010/texmf-dist/tex/generic/pgf/modules/pgfmoduleshapes.cod
e.tex
File: pgfmoduleshapes.code.tex 2008/02/13  (rcs-revision 1.4)
\pgfnodeparttextbox=\box34
\toks@savedmacro=\toks41
)
(/usr/local/texlive/2010/texmf-dist/tex/generic/pgf/modules/pgfmoduleplot.code.
tex
File: pgfmoduleplot.code.tex 2008/01/15  (rcs-revision 1.1)
\pgf@plotwrite=\write4
)
(/usr/local/texlive/2010/texmf-dist/tex/latex/pgf/compatibility/pgfcomp-version
-0-65.sty
Package: pgfcomp-version-0-65 2007/07/03 v2.00 (rcs-revision 1.7)
\pgf@nodesepstart=\dimen178
\pgf@nodesepend=\dimen179
)
(/usr/local/texlive/2010/texmf-dist/tex/latex/pgf/compatibility/pgfcomp-version
-1-18.sty
Package: pgfcomp-version-1-18 2007/07/23 v2.00 (rcs-revision 1.1)
))
(/usr/local/texlive/2010/texmf-dist/tex/latex/pgf/utilities/pgffor.sty
(/usr/local/texlive/2010/texmf-dist/tex/generic/pgf/utilities/pgffor.code.tex
Package: pgffor 2007/11/07 v2.00 (rcs-revision 1.8)
\pgffor@iter=\dimen180
\pgffor@skip=\dimen181
))
(/usr/local/texlive/2010/texmf-dist/tex/generic/pgf/frontendlayer/tikz/tikz.cod
e.tex
Package: tikz 2008/02/13 v2.00 (rcs-revision 1.27)

(/usr/local/texlive/2010/texmf-dist/tex/generic/pgf/libraries/pgflibraryplothan
dlers.code.tex
File: pgflibraryplothandlers.code.tex 2007/03/09 v2.00 (rcs-revision 1.9)
\pgf@plot@mark@count=\count144
\pgfplotmarksize=\dimen182
)
\tikz@lastx=\dimen183
\tikz@lasty=\dimen184
\tikz@lastxsaved=\dimen185
\tikz@lastysaved=\dimen186
\tikzleveldistance=\dimen187
\tikzsiblingdistance=\dimen188
\tikz@figbox=\box35
\tikz@tempbox=\box36
\tikztreelevel=\count145
\tikznumberofchildren=\count146
\tikznumberofcurrentchild=\count147
\tikz@fig@count=\count148

(/usr/local/texlive/2010/texmf-dist/tex/generic/pgf/modules/pgfmodulematrix.cod
e.tex
File: pgfmodulematrix.code.tex 2008/01/15  (rcs-revision 1.1)
\pgfmatrixcurrentrow=\count149
\pgfmatrixcurrentcolumn=\count150
\pgf@matrix@numberofcolumns=\count151
)
\tikz@expandcount=\count152

(/usr/local/texlive/2010/texmf-dist/tex/generic/pgf/frontendlayer/tikz/librarie
s/tikzlibrarytopaths.code.tex
File: tikzlibrarytopaths.code.tex 2008/01/09 v2.00 (rcs-revision 1.1)
)))
(/usr/local/texlive/2010/texmf-dist/tex/generic/pgf/frontendlayer/tikz/librarie
s/tikzlibrarymatrix.code.tex
File: tikzlibrarymatrix.code.tex 2008/01/09 v2.00 (rcs-revision 1.1)
)
(/usr/local/texlive/2010/texmf-dist/tex/latex/pgfplots/pgfplots.sty
(/usr/local/texlive/2010/texmf-dist/tex/generic/pgfplots/pgfplots.revision.tex)
Package: pgfplots 2010/07/14 Version 1.4 (git show version_1.4-1-g38878fa )
(/usr/local/texlive/2010/texmf-dist/tex/generic/pgfplots/pgfplots.code.tex
(/usr/local/texlive/2010/texmf-dist/tex/generic/pgfplots/pgfplotscore.code.tex
\t@pgfplots@toka=\toks42
\t@pgfplots@tokb=\toks43
\t@pgfplots@tokc=\toks44
\pgfplots@tmpa=\dimen189
\c@pgfplots@coordindex=\count153
\c@pgfplots@scanlineindex=\count154
\r@pgfplots@reada=\read1
)
(/usr/local/texlive/2010/texmf-dist/tex/generic/pgfplots/libs/pgfplotslibrary.c
ode.tex)
(/usr/local/texlive/2010/texmf-dist/tex/generic/pgfplots/oldpgfcompatib/pgfplot
soldpgfsupp_loader.code.tex
Package pgfplots: loading complementary code for your PGF version...

(/usr/local/texlive/2010/texmf-dist/tex/generic/pgfplots/oldpgfcompatib/pgfplot
soldpgfsupp_misc.code.tex
\w@pgf@writea=\write5
\r@pgf@reada=\read2
)
(/usr/local/texlive/2010/texmf-dist/tex/generic/pgfplots/oldpgfcompatib/pgfplot
soldpgfsupp_pgfkeys.code.tex
\pgfkeys@pathtoks=\toks45
\pgfkeys@temptoks=\toks46

(/usr/local/texlive/2010/texmf-dist/tex/generic/pgfplots/oldpgfcompatib/pgfplot
soldpgfsupp_pgfkeysfiltered.code.tex
\pgfkeys@tmptoks=\toks47
))
(/usr/local/texlive/2010/texmf-dist/tex/generic/pgfplots/oldpgfcompatib/pgfplot
soldpgfsupp_pgfmathfloat.code.tex
\c@pgfmathroundto@lastzeros=\count155
)
(/usr/local/texlive/2010/texmf-dist/tex/generic/pgfplots/oldpgfcompatib/pgfplot
soldpgfsupp_pgflibraryplothandlers.code.tex
File: pgflibraryplothandlers.code.tex 2010/05/31 v2.00 (rcs-revision 1.15)
\pgf@plot@mark@count=\count156
\pgfplotmarksize=\dimen190
)
(/usr/local/texlive/2010/texmf-dist/tex/generic/pgfplots/oldpgfcompatib/pgfplot
soldpgfsupp_pgflibraryfpu.code.tex))
(/usr/local/texlive/2010/texmf-dist/tex/generic/pgfplots/util/pgfplotsutil.code
.tex
(/usr/local/texlive/2010/texmf-dist/tex/generic/pgfplots/liststructure/pgfplots
liststructure.code.tex)
(/usr/local/texlive/2010/texmf-dist/tex/generic/pgfplots/liststructure/pgfplots
liststructureext.code.tex)
(/usr/local/texlive/2010/texmf-dist/tex/generic/pgfplots/liststructure/pgfplots
array.code.tex
\c@pgfplotsarray@tmp=\count157
)
(/usr/local/texlive/2010/texmf-dist/tex/generic/pgfplots/numtable/pgfplotstable
shared.code.tex
\c@pgfplotstable@counta=\count158
\t@pgfplotstable@a=\toks48
\pgfplotstable@outfile=\write6
)
(/usr/local/texlive/2010/texmf-dist/tex/generic/pgfplots/liststructure/pgfplots
deque.code.tex)
(/usr/local/texlive/2010/texmf-dist/tex/generic/pgfplots/util/pgfplotsbinary.co
de.tex)
(/usr/local/texlive/2010/texmf-dist/tex/generic/pgfplots/libs/pgflibrarypgfplot
s.surfshading.code.tex
(/usr/local/texlive/2010/texmf-dist/tex/generic/pgfplots/sys/pgflibrarypgfplots
.surfshading.pgfsys-pdftex.def)))
(/usr/local/texlive/2010/texmf-dist/tex/generic/pgfplots/util/pgfplotscolormap.
code.tex)
(/usr/local/texlive/2010/texmf-dist/tex/generic/pgfplots/pgfplotsstackedplots.c
ode.tex)
(/usr/local/texlive/2010/texmf-dist/tex/generic/pgfplots/pgfplotscoordprocessin
g.code.tex)
(/usr/local/texlive/2010/texmf-dist/tex/generic/pgfplots/pgfplotsticks.code.tex
)
(/usr/local/texlive/2010/texmf-dist/tex/generic/pgf/frontendlayer/tikz/librarie
s/tikzlibrarydecorations.code.tex
(/usr/local/texlive/2010/texmf-dist/tex/generic/pgf/modules/pgfmoduledecoration
s.code.tex
\pgfdecoratedcompleteddistance=\dimen191
\pgfdecoratedremainingdistance=\dimen192
\pgfdecoratedinputsegmentcompleteddistance=\dimen193
\pgfdecoratedinputsegmentremainingdistance=\dimen194
\pgf@decorate@distancetomove=\dimen195
\pgf@decorate@repeatstate=\count159
\pgfdecorationsegmentamplitude=\dimen196
\pgfdecorationsegmentlength=\dimen197
))
(/usr/local/texlive/2010/texmf-dist/tex/generic/pgf/frontendlayer/tikz/librarie
s/tikzlibrarydecorations.pathmorphing.code.tex
(/usr/local/texlive/2010/texmf-dist/tex/generic/pgf/libraries/pgflibrarydecorat
ions.pathmorphing.code.tex))
(/usr/local/texlive/2010/texmf-dist/tex/generic/pgf/frontendlayer/tikz/librarie
s/tikzlibrarydecorations.pathreplacing.code.tex
(/usr/local/texlive/2010/texmf-dist/tex/generic/pgf/libraries/pgflibrarydecorat
ions.pathreplacing.code.tex))
\pgfplots@numplots=\count160
\pgfplots@xmin@reg=\dimen198
\pgfplots@xmax@reg=\dimen199
\pgfplots@ymin@reg=\dimen200
\pgfplots@ymax@reg=\dimen201
\pgfplots@zmin@reg=\dimen202
\pgfplots@zmax@reg=\dimen203
)
(/usr/local/texlive/2010/texmf-dist/tex/generic/pgf/frontendlayer/tikz/librarie
s/tikzlibraryplotmarks.code.tex
File: tikzlibraryplotmarks.code.tex 2008/01/09 v2.00 (rcs-revision 1.1)

(/usr/local/texlive/2010/texmf-dist/tex/generic/pgf/libraries/pgflibraryplotmar
ks.code.tex
File: pgflibraryplotmarks.code.tex 2007/03/09 v2.00 (rcs-revision 1.5)
)))
No file metric.aux.
\openout1 = `metric.aux'.

LaTeX Font Info:    Checking defaults for OML/cmm/m/it on input line 98.
LaTeX Font Info:    ... okay on input line 98.
LaTeX Font Info:    Checking defaults for T1/cmr/m/n on input line 98.
LaTeX Font Info:    ... okay on input line 98.
LaTeX Font Info:    Checking defaults for OT1/cmr/m/n on input line 98.
LaTeX Font Info:    ... okay on input line 98.
LaTeX Font Info:    Checking defaults for OMS/cmsy/m/n on input line 98.
LaTeX Font Info:    ... okay on input line 98.
LaTeX Font Info:    Checking defaults for OMX/cmex/m/n on input line 98.
LaTeX Font Info:    ... okay on input line 98.
LaTeX Font Info:    Checking defaults for U/cmr/m/n on input line 98.
LaTeX Font Info:    ... okay on input line 98.
LaTeX Font Info:    Checking defaults for PD1/pdf/m/n on input line 98.
LaTeX Font Info:    ... okay on input line 98.
LaTeX Font Info:    Try loading font information for OT1+ptm on input line 98.
(/usr/local/texlive/2010/texmf-dist/tex/latex/psnfss/ot1ptm.fd
File: ot1ptm.fd 2001/06/04 font definitions for OT1/ptm.
)
LaTeX Font Info:    Try loading font information for OT1+ztmcm on input line 98
.

(/usr/local/texlive/2010/texmf-dist/tex/latex/psnfss/ot1ztmcm.fd
File: ot1ztmcm.fd 2000/01/03 Fontinst v1.801 font definitions for OT1/ztmcm.
)
LaTeX Font Info:    Try loading font information for OML+ztmcm on input line 98
.

(/usr/local/texlive/2010/texmf-dist/tex/latex/psnfss/omlztmcm.fd
File: omlztmcm.fd 2000/01/03 Fontinst v1.801 font definitions for OML/ztmcm.
)
LaTeX Font Info:    Try loading font information for OMS+ztmcm on input line 98
.

(/usr/local/texlive/2010/texmf-dist/tex/latex/psnfss/omsztmcm.fd
File: omsztmcm.fd 2000/01/03 Fontinst v1.801 font definitions for OMS/ztmcm.
)
LaTeX Font Info:    Try loading font information for OMX+ztmcm on input line 98
.

(/usr/local/texlive/2010/texmf-dist/tex/latex/psnfss/omxztmcm.fd
File: omxztmcm.fd 2000/01/03 Fontinst v1.801 font definitions for OMX/ztmcm.
)
LaTeX Font Info:    Try loading font information for U+msa on input line 98.

(/usr/local/texlive/2010/texmf-dist/tex/latex/amsfonts/umsa.fd
File: umsa.fd 2009/06/22 v3.00 AMS symbols A
)
LaTeX Font Info:    Try loading font information for U+msb on input line 98.

(/usr/local/texlive/2010/texmf-dist/tex/latex/amsfonts/umsb.fd
File: umsb.fd 2009/06/22 v3.00 AMS symbols B
)
LaTeX Font Info:    Font shape `OT1/ptm/bx/n' in size <8> not available
(Font)              Font shape `OT1/ptm/b/n' tried instead on input line 98.
LaTeX Font Info:    Font shape `OT1/ptm/bx/n' in size <6> not available
(Font)              Font shape `OT1/ptm/b/n' tried instead on input line 98.
LaTeX Font Info:    Font shape `OT1/ptm/bx/n' in size <5> not available
(Font)              Font shape `OT1/ptm/b/n' tried instead on input line 98.

(/usr/local/texlive/2010/texmf-dist/tex/context/base/supp-pdf.mkii
[Loading MPS to PDF converter (version 2006.09.02).]
\scratchcounter=\count161
\scratchdimen=\dimen204
\scratchbox=\box37
\nofMPsegments=\count162
\nofMParguments=\count163
\everyMPshowfont=\toks49
\MPscratchCnt=\count164
\MPscratchDim=\dimen205
\MPnumerator=\count165
\everyMPtoPDFconversion=\toks50
) (/usr/local/texlive/2010/texmf-dist/tex/latex/oberdiek/epstopdf-base.sty
Package: epstopdf-base 2010/02/09 v2.5 Base part for package epstopdf

(/usr/local/texlive/2010/texmf-dist/tex/latex/oberdiek/grfext.sty
Package: grfext 2007/09/30 v1.0 Managing graphics extensions (HO)
)
Package grfext Info: Graphics extension search list:
(grfext)             [.png,.pdf,.jpg,.mps,.jpeg,.jbig2,.jb2,.PNG,.PDF,.JPG,.JPE
G,.JBIG2,.JB2,.eps]
(grfext)             \AppendGraphicsExtensions on input line 436.

(/usr/local/texlive/2010/texmf-dist/tex/latex/latexconfig/epstopdf-sys.cfg
File: epstopdf-sys.cfg 2010/07/13 v1.3 Configuration of (r)epstopdf for TeX Liv
e
))
LaTeX Info: Redefining \microtypecontext on input line 98.
Package microtype Info: Generating PDF output.
Package microtype Info: Character protrusion enabled (level 2).
Package microtype Info: Using default protrusion set `alltext'.
Package microtype Info: Automatic font expansion enabled (level 2),
(microtype)             stretch: 20, shrink: 20, step: 1, non-selected.
Package microtype Info: Using default expansion set `basictext'.
Package microtype Info: No tracking.
Package microtype Info: No adjustment of interword spacing.
Package microtype Info: No adjustment of character kerning.

(/usr/local/texlive/2010/texmf-dist/tex/latex/microtype/mt-ptm.cfg
File: mt-ptm.cfg 2006/04/20 v1.7 microtype config. file: Times (RS)
)
\AtBeginShipoutBox=\box38
Package hyperref Info: Link coloring OFF on input line 98.

(/usr/local/texlive/2010/texmf-dist/tex/latex/hyperref/nameref.sty
Package: nameref 2010/04/30 v2.40 Cross-referencing by name of section

(/usr/local/texlive/2010/texmf-dist/tex/latex/oberdiek/refcount.sty
Package: refcount 2008/08/11 v3.1 Data extraction from references (HO)
)
(/usr/local/texlive/2010/texmf-dist/tex/generic/oberdiek/gettitlestring.sty
Package: gettitlestring 2009/12/18 v1.3 Cleanup title references (HO)
)
\c@section@level=\count166
)
LaTeX Info: Redefining \ref on input line 98.
LaTeX Info: Redefining \pageref on input line 98.
LaTeX Info: Redefining \nameref on input line 98.
\@outlinefile=\write7
\openout7 = `metric.out'.

LaTeX Font Info:    Try loading font information for OT1+pcr on input line 101.


(/usr/local/texlive/2010/texmf-dist/tex/latex/psnfss/ot1pcr.fd
File: ot1pcr.fd 2001/06/04 font definitions for OT1/pcr.
)
LaTeX Font Info:    Font shape `OT1/ptm/bx/n' in size <10> not available
(Font)              Font shape `OT1/ptm/b/n' tried instead on input line 101.


Class amsart Warning: Abstract should precede \maketitle in AMS document classe
s; reported on input line 102.


Package natbib Warning: Citation `duda2001' on page 1 undefined on input line 1
12.


LaTeX Warning: Reference `sec:theprob' on page 1 undefined on input line 112.

(/usr/local/texlive/2010/texmf-dist/tex/latex/microtype/mt-msa.cfg
File: mt-msa.cfg 2006/02/04 v1.1 microtype config. file: AMS symbols (a) (RS)
)
(/usr/local/texlive/2010/texmf-dist/tex/latex/microtype/mt-msb.cfg
File: mt-msb.cfg 2005/06/01 v1.0 microtype config. file: AMS symbols (b) (RS)
)
LaTeX Font Info:    Font shape `OT1/ptm/bx/n' in size <7.4> not available
(Font)              Font shape `OT1/ptm/b/n' tried instead on input line 112.

! Undefined control sequence.
<recently read> \set 
                     
l.112 ...er predicts one out of a finite set $\set
                                                  {C}$ of so-called \emph{cl...

? 

Package natbib Warning: Citation `corani2009b' on page 1 undefined on input lin
e 114.

! Undefined control sequence.
<recently read> \set 
                     
l.114 ...i2009b}: a prediction made of a set $\set
                                                  {K}$ of $\numK$ classes is...

? 
! Undefined control sequence.
<recently read> \numK 
                      
l.114 ...diction made of a set $\set{K}$ of $\numK
                                                  $ classes is rewarded with...

? 
! Undefined control sequence.
l.114 ...$\numK$ classes is rewarded with $1/\numK
                                                  $ if it contains the actua...

? 

Package natbib Warning: Citation `tsoumakas2007rkl' on page 1 undefined on inpu
t line 114.


Package natbib Warning: Citation `corani2009b' on page 1 undefined on input lin
e 114.


Package natbib Warning: Citation `JdalCozlearning' on page 1 undefined on input
 line 114.


Package natbib Warning: Citation `corani2009b' on page 1 undefined on input lin
e 114.


Package natbib Warning: Citation `corani2008a' on page 1 undefined on input lin
e 114.

[1{/usr/local/texlive/2010/texmf-var/fonts/map/pdftex/updmap/pdftex.map}]
! Undefined control sequence.
<recently read> \set 
                     
l.116 ...ime predicts the set of all classes $\set
                                                  {C}$, and a \emph{random} ...

? 
! Undefined control sequence.
<recently read> \set 
                     
l.116 ...m} one, which picks up a class from $\set
                                                  {C}$ through the uniform d...

? 
! Undefined control sequence.
<recently read> \set 
                     
l.116 ...hrough the uniform distribution. If $\set
                                                  {C}$ is made of two classe...

? 

LaTeX Warning: Reference `sec:betfram' on page 2 undefined on input line 118.


LaTeX Warning: Reference `sec:framext' on page 2 undefined on input line 118.


LaTeX Warning: Reference `sec:compare' on page 2 undefined on input line 120.


LaTeX Warning: Reference `sec:money' on page 2 undefined on input line 120.


LaTeX Warning: Reference `sec:objwin' on page 2 undefined on input line 122.


LaTeX Warning: Reference `sec:mbets' on page 2 undefined on input line 122.


LaTeX Warning: Reference `sec:expartif' on page 2 undefined on input line 124.


LaTeX Warning: Reference `sec:NBCvsNCC' on page 2 undefined on input line 126.


Package natbib Warning: Citation `domingos1997' on page 2 undefined on input li
ne 126.


Package natbib Warning: Citation `zaffalon1999a' on page 2 undefined on input l
ine 126.


Package natbib Warning: Citation `zaffalon2001a' on page 2 undefined on input l
ine 126.


Package natbib Warning: Citation `corani2008a' on page 2 undefined on input lin
e 126.


Underfull \vbox (badness 10000) has occurred while \output is active []

 [2]

LaTeX Warning: Reference `sec:credalclass' on page 3 undefined on input line 12
8.


LaTeX Warning: Reference `sec:coz' on page 3 undefined on input line 130.


Package natbib Warning: Citation `JdalCozlearning' on page 3 undefined on input
 line 130.


Package natbib Warning: Citation `JdalCozlearning' on page 3 undefined on input
 line 130.


LaTeX Warning: Reference `sec:rejopt' on page 3 undefined on input line 130.


LaTeX Warning: Reference `sec:conc' on page 3 undefined on input line 132.


LaTeX Warning: Reference `sec:app' on page 3 undefined on input line 132.

! Undefined control sequence.
l.136 ...es to simplify notation: $\{1,\dots,\numC
                                                  \}=:\set{C}$. We denote by...

? 
! Undefined control sequence.
l.136 ...mplify notation: $\{1,\dots,\numC\}=:\set
                                                  {C}$. We denote by $c$ the...

? 
! Undefined control sequence.
<recently read> \set 
                     
l.136 ...enote by $c$ the generic element of $\set
                                                  {C}$. The attribute variab...

? 
! Undefined control sequence.
<recently read> \set 
                     
l.136 ...ariable $A$ takes values in the set $\set
                                                  {A}$; we denote by $a$ its...

? 
! Undefined control sequence.
<recently read> \set 
                     
l.136 ... well as outcomes of medical tests; $\set
                                                  {C}$ would index the patie...

? 
! Undefined control sequence.
<recently read> \set 
                     
l.138 .... The so-called \emph{learning set} $\set
                                                  {L}$ records those values,...

? 
! Undefined control sequence.
<recently read> \numC 
                      
l.140 ...d matrix} $\mathbb{R}$. This is an $\numC
                                                  \times\numC$ matrix whose ...

? 
! Undefined control sequence.
l.140 ...\mathbb{R}$. This is an $\numC\times\numC
                                                  $ matrix whose generic ele...

? 
! Undefined control sequence.
l.140 ...riables) $\mathbb{R}_i$, $i=1,\dots,\numC
                                                  $, each one corresponding ...

? 
! Undefined control sequence.
l.140 ...{R}_i(j)\coloneqq r_{ij}$, with $j\in\set
                                                  {C}$. The reward matrix is...

? 
! Undefined control sequence.
<recently read> \I 
                   
l.144 ...ued reward matrix, which we denote by $\I
                                                  $ (Table~\ref{tab:binary-r...

? 

LaTeX Warning: Reference `tab:binary-rm' on page 3 undefined on input line 144.


! Undefined control sequence.
<recently read> \I 
                   
l.144 ...able~\ref{tab:binary-rm} shows matrix $\I
                                                  $ for the case of a binary...

? 
! Undefined control sequence.
<recently read> \I 
                   
l.159 ...function of set $\{i\}$, which yields $\I
                                                  _i(i)=1$, and $\I_i(j)=0$ ...

? 
! Undefined control sequence.
<recently read> \I 
                   
l.159 ...\{i\}$, which yields $\I_i(i)=1$, and $\I
                                                  _i(j)=0$ for $i\neq j$. Ac...

? 
[3]
! Undefined control sequence.
<recently read> \set 
                     
l.161 ...oblem usually comes with a test set $\set
                                                  {T}$. This set contains a ...

? 
! Undefined control sequence.
<recently read> \I 
                   
l.161 ... to a reward matrix more general than $\I
                                                  $. Such a widespread use h...

? 
! Undefined control sequence.
<recently read> \I 
                   
l.161 ...focus on the 0-1 valued reward matrix $\I
                                                  $.
? 

Package natbib Warning: Citation `zaffalon1999a' on page 4 undefined on input l
ine 163.


Package natbib Warning: Citation `zaffalon2002a' on page 4 undefined on input l
ine 163.

! Undefined control sequence.
<recently read> \set 
                     
l.163 ...is also a function learned from set $\set
                                                  {L}$, but it maps the attr...

? 
! Undefined control sequence.
<recently read> \set 
                     
l.163 ...ttributes of an instance into a set $\set
                                                  {K}\subseteq\set{C}$ of $\...

? 
! Undefined control sequence.
l.163 ...instance into a set $\set{K}\subseteq\set
                                                  {C}$ of $\numK\coloneqq |\...

? 
! Undefined control sequence.
<recently read> \numK 
                      
l.163 ...a set $\set{K}\subseteq\set{C}$ of $\numK
                                                  \coloneqq |\set{K}|$ class...

? 
! Undefined control sequence.
l.163 ...subseteq\set{C}$ of $\numK\coloneqq |\set
                                                  {K}|$ classes in general. ...

? 
! Undefined control sequence.
<recently read> \numK 
                      
l.163 ...ication is \emph{determinate} when $\numK
                                                  =1$, and \emph{indetermina...

? 
! Undefined control sequence.
<recently read> \set 
                     
l.163 ... fully indeterminate, that is, when $\set
                                                  {K}=\set{C}$, we call it \...

? 
! Undefined control sequence.
l.163 ...ndeterminate, that is, when $\set{K}=\set
                                                  {C}$, we call it \emph{vac...

? 
! Undefined control sequence.
<recently read> \set 
                     
l.163 ...ormly} random.} from the output set $\set
                                                  {K}$ of the credal classif...

? 
! Undefined control sequence.
<recently read> \set 
                     
l.163 ...credal classifier. We call this the $\set
                                                  {K}$-\emph{random classifi...

? 
! Undefined control sequence.
<recently read> \I 
                   
l.165 ...ation problem characterized by matrix $\I
                                                  $. The corresponding exten...

? 

LaTeX Warning: Reference `tab:binary-erm' on page 4 undefined on input line 165
.

! Undefined control sequence.
<argument> ...problem featuring reward matrix $\I 
                                                  $. This specific extended ...
l.178 ...ll with the appropriate rewards gambles.}
                                                  
? 
! Undefined control sequence.
<recently read> \I 
                   
l.178 ...ll with the appropriate rewards gambles.}
                                                  
? 

Package natbib Warning: Citation `corani2009b' on page 4 undefined on input lin
e 178.


LaTeX Warning: Reference `sec:framext' on page 4 undefined on input line 178.


LaTeX Warning: Reference `sec:framext' on page 4 undefined on input line 186.

! Undefined control sequence.
<recently read> \I 
                   
l.188 ... and are rewarded according to matrix $\I
                                                  $. The process is repeated...

? 
[4]
! Undefined control sequence.
<recently read> \I 
                   
l.193 ...hich are rewarded according to matrix $\I
                                                  $.
? 

LaTeX Warning: Reference `sec:theprob' on page 5 undefined on input line 196.


Package natbib Warning: Citation `walley1991' on page 5 undefined on input line
 215.

[5]
! Undefined control sequence.
<recently read> \numK 
                      
l.221 ...opt a randomized strategy over the $\numK
                                                  $ classes in its output se...

? 
! Undefined control sequence.
<recently read> \set 
                     
l.221 ...e $\numK$ classes in its output set $\set
                                                  {K}$. A randomized strateg...

? 
! Undefined control sequence.
l.221 ...tion $\sigma\coloneqq(\sigma_i)_{i\in\set
                                                  {K}}$ that represents the ...

? 
! Undefined control sequence.
<recently read> \set 
                     
l.225 Let us call a prediction $\set
                                    {K}$ `successful' if the actual class be...

? 
! Undefined control sequence.
<recently read> \set 
                     
l.225 ...ful' if the actual class belongs to $\set
                                                  {K}$. We restrict the atte...

? 
! Undefined control sequence.
<recently read> \I 
                   
l.225 ... yields a zero loss, by definition of $\I
                                                  $, irrespective of the ran...

? 
! Undefined control sequence.
l.225 ... Let $\theta\coloneqq(\theta_j)_{j\in\set
                                                  {C}}$ be the vector of cha...

? 
! Undefined control sequence.
l.225 ...s means that $\theta_j=0$ if $j\notin\set
                                                  {K}$). House's expected lo...

? 
! Undefined control sequence.
l.225 ...ssful predictions equals $$\sum_{i\in\set
                                                  {K}}\sum_{j\in\set{C}}\I_i...

? 
! Undefined control sequence.
l.225 ...equals $$\sum_{i\in\set{K}}\sum_{j\in\set
                                                  {C}}\I_i(j)\sigma_i\theta_...

? 
! Undefined control sequence.
l.225 ... $$\sum_{i\in\set{K}}\sum_{j\in\set{C}}\I
                                                  _i(j)\sigma_i\theta_j=\sum...

? 
! Double subscript.
l.225 ...$$\sum_{i\in\set{K}}\sum_{j\in\set{C}}\I_
                                                  i(j)\sigma_i\theta_j=\sum_...

? 
! Undefined control sequence.
l.225 ...C}}\I_i(j)\sigma_i\theta_j=\sum_{i\in\set
                                                  {K}}\sigma_i\theta_i,$$ wh...

? 

LaTeX Warning: Reference `sec:theprob' on page 6 undefined on input line 231.


LaTeX Warning: Reference `tab:binary-erm' on page 6 undefined on input line 231
.

! Undefined control sequence.
<recently read> \set 
                     
l.232 \begin{theorem}\label{thm:1} Let $\set
                                            {K}\subseteq\set{C}$ be a set-va...

? 
! Undefined control sequence.
l.232 ...m}\label{thm:1} Let $\set{K}\subseteq\set
                                                  {C}$ be a set-valued predi...

? 
! Undefined control sequence.
<recently read> \numK 
                      
l.232 ...be a set-valued prediction made of $\numK
                                                  $ classes, $\I_{\set{K}}$ ...

? 
! Undefined control sequence.
<recently read> \I 
                   
l.232 ...d prediction made of $\numK$ classes, $\I
                                                  _{\set{K}}$ be the indicat...

? 
! Undefined control sequence.
l.232 ...iction made of $\numK$ classes, $\I_{\set
                                                  {K}}$ be the indicator fun...

? 
! Undefined control sequence.
<recently read> \set 
                     
l.232 ...}$ be the indicator function of set $\set
                                                  {K}$, and $j$ the actual c...

? 

LaTeX Warning: Reference `hp:A1' on page 6 undefined on input line 232.


LaTeX Warning: Reference `hp:A5' on page 6 undefined on input line 232.

! Undefined control sequence.
<argument> \I 
              _{\set {K}}(j)
l.234 \frac{\I_{\set{K}}(j)}{\numK}
                                   .
? 
! Undefined control sequence.
<argument> \I _{\set 
                     {K}}(j)
l.234 \frac{\I_{\set{K}}(j)}{\numK}
                                   .
? 
! Undefined control sequence.
<argument> \numK 
                 
l.234 \frac{\I_{\set{K}}(j)}{\numK}
                                   .
? 
! Undefined control sequence.
<recently read> \set 
                     
l.239 If $\set
              {K}$ is unsuccessful, then any randomized strategy will yield ...

? 
! Undefined control sequence.
<recently read> \numC 
                      
l.240 ...l predictions. Let $\Delta$ be the $\numC
                                                  -1$ probability simplex. W...

? 
! Undefined control sequence.
l.240 ...ain for bettor defined by $\sum_{i\in\set
                                                  {K}}\sigma_i\theta_i$. Thi...

? 

Package natbib Warning: Citation `stoer1970' on page 6 undefined on input line 
240.

! Undefined control sequence.
l.240 ...elta}\min_{\theta\in\Delta}\sum_{i\in\set
                                                  {K}}\sigma_i\theta_i$. It ...

? 
! Undefined control sequence.
l.240 ...asy to see that that is equal to $1/\numK
                                                  $: once a strategy $\sigma...

? 
! Undefined control sequence.
l.240 ...eta_{i_*}\coloneqq 1$ on any $i_*=\argmin
                                                  _{i\in\set{K}}\sigma_i$; t...

? 
! Undefined control sequence.
l.240 ...coloneqq 1$ on any $i_*=\argmin_{i\in\set
                                                  {K}}\sigma_i$; then the pr...

? 
! Undefined control sequence.
l.240 ...mes $\max_{\sigma\in\Delta}\min_{i\in\set
                                                  {K}}\sigma_i=1/\numK$. The...

? 
! Undefined control sequence.
l.240 ...\Delta}\min_{i\in\set{K}}\sigma_i=1/\numK
                                                  $. The related optimal str...

? 
! Undefined control sequence.
l.240 ... is uniform, $\sigma_i^*\coloneqq 1/\numK
                                                  $ for all $i\in\set{K}$; t...

? 
! Undefined control sequence.
l.240 ...a_i^*\coloneqq 1/\numK$ for all $i\in\set
                                                  {K}$; this means that bett...

? 
! Undefined control sequence.
<recently read> \set 
                     
l.240 ...t credal bettor should act like the $\set
                                                  {K}$-random classifier.
? 

LaTeX Warning: Reference `hp:A1' on page 6 undefined on input line 242.


LaTeX Warning: Reference `hp:A2' on page 6 undefined on input line 242.

! Undefined control sequence.
l.242 ...cessful one by the certain value $1/\numK
                                                  $. This is achieved by set...

? 
! Undefined control sequence.
l.248 ...eward that it achieves is indeed $1/\numK
                                                  $, irrespective of the cha...

? 
! Undefined control sequence.
<recently read> \set 
                     
l.248 ...ting to observe that playing as the $\set
                                                  {K}$-random bettor (i.e., ...

? 
[6]
! Undefined control sequence.
<recently read> \set 
                     
l.250 ... bettor is evaluated exactly as the $\set
                                                  {K}$-random bettor. This h...

? 
! Undefined control sequence.
<recently read> \set 
                     
l.250 ...ccuracy: the main point is that the $\set
                                                  {K}$-random bettor is actu...

? 
! Undefined control sequence.
<recently read> \set 
                     
l.250 ...t of output classes better than the $\set
                                                  {K}$-random one. Looking a...

? 
! Undefined control sequence.
<recently read> \set 
                     
l.250 ...f the latter behaves worse than the $\set
                                                  {K}$-random classifier! (S...

? 

LaTeX Warning: Reference `sec:nbcvsncc' on page 7 undefined on input line 250.

! Undefined control sequence.
<recently read> \set 
                     
l.252 ... diagnosis, that is, the entire set $\set
                                                  {C}$ of possible diseases....

? 
! Undefined control sequence.
l.252 ...ues the two physicians the same: $1/\numC
                                                  $. But it is clear that th...

? 

Package natbib Warning: Citation `luenberger1998' on page 7 undefined on input 
line 260.

[7]
! Undefined control sequence.
<recently read> \I 
                   
l.264 ... used to define the 0-1 reward matrix $\I
                                                  $) are measured in a utili...

? 
! Undefined control sequence.
<recently read> \I 
                   
l.264 ... to extend the original reward matrix $\I
                                                  $ to take into account you...

? 

LaTeX Warning: Reference `sec:framext' on page 8 undefined on input line 264.

! Undefined control sequence.
<recently read> \set 
                     
l.264 ...cation in comparison to the related $\set
                                                  {K}$-random prediction.
? 
! Undefined control sequence.
<recently read> \set 
                     
l.266 ...ar that for a set-valued prediction $\set
                                                  {K}$ containing the actual...

? 

LaTeX Warning: Reference `hp:A6' on page 8 undefined on input line 266.

! Undefined control sequence.
<recently read> \set 
                     
l.266 ...ations in comparison to the related $\set
                                                  {K}$-random predictions (n...

? 

LaTeX Warning: Reference `hp:A6' on page 8 undefined on input line 268.

! Undefined control sequence.
l.268 ...m expected utility: $h^*\coloneqq \argmax
                                                  _{h\in\{f,g\}}E[u(h)]$.
? 

LaTeX Warning: Reference `sec:framext' on page 8 undefined on input line 270.

! Undefined control sequence.
l.276   instance the deterministic reward $1/\numC
                                                  $. Thus, under
? 
! Undefined control sequence.
<argument> \numC 
                 
l.279 E[u(v)]=u\left(\frac{1}{\numC}
                                    \right)=u(E[v]) \, .
? 
! Undefined control sequence.
<recently read> \set 
                     
l.281 ...r$ samples the predicted class from $\set
                                                  {C}$ according to the unif...

? 
! Undefined control sequence.
l.281 ...as usual, by $\theta=(\theta_j)_{j\in\set
                                                  {C}}$ the vector of chance...

? 
! Undefined control sequence.
l.283   E[r]=\sum_{i\in\set
                           {C}}\sum_{j\in\set{C}}\I_i(j)\sigma_i^*\theta_j=\...

? 
! Undefined control sequence.
l.283   E[r]=\sum_{i\in\set{C}}\sum_{j\in\set
                                             {C}}\I_i(j)\sigma_i^*\theta_j=\...

? 
! Undefined control sequence.
l.283 ...r]=\sum_{i\in\set{C}}\sum_{j\in\set{C}}\I
                                                  _i(j)\sigma_i^*\theta_j=\s...

? 
! Double subscript.
l.283 ...]=\sum_{i\in\set{C}}\sum_{j\in\set{C}}\I_
                                                  i(j)\sigma_i^*\theta_j=\su...

? 
! Undefined control sequence.
l.283 ...}\I_i(j)\sigma_i^*\theta_j=\sum_{i\in\set
                                                  {C}}\sigma_i^*\theta_i=1/n...

? 
! Undefined control sequence.
l.287 E[u(r)]<u(E[r])=u\left(1/\numC
                                    \right)=E[u(v)] \, ,\label{eq:util-random}
? 
[8]

Package natbib Warning: Citation `hlawitschka1994empirical' on page 9 undefined
 on input line 299.


Package natbib Warning: Citation `levy1979approximating' on page 9 undefined on
 input line 299.


LaTeX Warning: Reference `eq:second_order_appr' on page 9 undefined on input li
ne 301.

! Undefined control sequence.
<recently read> \set 
                     
l.303 ... problem we usually have a test set $\set
                                                  {T}$, that is, a collectio...

? 
! Undefined control sequence.
<recently read> \set 
                     
l.303 ...in classifier $h$. Let us denote by $\set
                                                  {U}$ the set of values tha...

? 
! Undefined control sequence.
<recently read> \set 
                     
l.303 ...es that gamble $u(h)$ can take. Set $\set
                                                  {U}$ has $(2^{\numC}-1)\ti...

? 
! Undefined control sequence.
l.303 ...)$ can take. Set $\set{U}$ has $(2^{\numC
                                                  }-1)\times\numC$ elements ...

? 
! Undefined control sequence.
l.303 ...t $\set{U}$ has $(2^{\numC}-1)\times\numC
                                                  $ elements at most, as the...

? 

LaTeX Warning: Reference `tab:binary-erm' on page 9 undefined on input line 303
.

! Undefined control sequence.
l.303 ...stimate the chance of a value $u_h\in\set
                                                  {U}$ by its sample proport...

? 
! Undefined control sequence.
l.303 ...$ by its sample proportion $\#(u_h)/|\set
                                                  {T}|$ in the test set, we ...

? 
! Undefined control sequence.
l.305 E[u(h)]\simeq\sum_{u_h\in\set
                                   {U}}u_h\frac{\#(u_h)}{|\set{T}|}=\frac{1}...

? 
! Undefined control sequence.
<argument> |\set 
                 {T}|
l.305 ..._h\in\set{U}}u_h\frac{\#(u_h)}{|\set{T}|}
                                                  =\frac{1}{|\set{T}|}\sum_{...

? 
! Undefined control sequence.
<argument> |\set 
                 {T}|
l.305 ...c{\#(u_h)}{|\set{T}|}=\frac{1}{|\set{T}|}
                                                  \sum_{(a,c)\in\set{T}}u(h(...

? 
! Undefined control sequence.
l.305 ...}|}=\frac{1}{|\set{T}|}\sum_{(a,c)\in\set
                                                  {T}}u(h(a,c)).
? 
! Undefined control sequence.
l.307 ... a credal classifier using the $(2^{\numC
                                                  }-1)\times\numC$ reward ma...

? 
! Undefined control sequence.
l.307 ...ifier using the $(2^{\numC}-1)\times\numC
                                                  $ reward matrix obtained b...

? 

LaTeX Warning: Reference `tab:binary-erm' on page 9 undefined on input line 307
.


LaTeX Warning: Reference `tab:binary-u(erm)' on page 9 undefined on input line 
307.


LaTeX Warning: Reference `tab:binary-erm' on page 9 undefined on input line 320
.

[9]

LaTeX Warning: Reference `sec:theprob' on page 10 undefined on input line 330.


LaTeX Warning: Reference `hp:A2' on page 10 undefined on input line 332.

! Undefined control sequence.
<recently read> \I 
                   
l.332 ...terminate bets, thus making up matrix $\I
                                                  $. Then House wants to all...

? 

LaTeX Warning: Reference `sec:framext' on page 10 undefined on input line 332.

! Undefined control sequence.
<recently read> \set 
                     
l.332 ...oney in the limit by playing as the $\set
                                                  {K}$-random bettor; on the...

? 

LaTeX Warning: Reference `hp:A6' on page 10 undefined on input line 334.


LaTeX Warning: Reference `sec:compare' on page 10 undefined on input line 334.


LaTeX Warning: Reference `eq:second_order_appr' on page 10 undefined on input l
ine 336.

[10]

LaTeX Warning: Reference `eq:second_order_appr' on page 11 undefined on input l
ine 349.


LaTeX Warning: Reference `eq:second_order_appr' on page 11 undefined on input l
ine 349.


LaTeX Warning: Reference `eq:second_order_appr' on page 11 undefined on input l
ine 351.


LaTeX Warning: Reference `eq:second_order_appr' on page 11 undefined on input l
ine 386.


LaTeX Warning: Reference `eq:deltavar' on page 11 undefined on input line 387.

[11]
! Undefined control sequence.
l.401 ...s indeterminate is rewarded with $1/\numC
                                                  $ for any indeterminate pr...

? 
! Undefined control sequence.
<argument> \numC 
                 
l.405   \end{align*}
                    
? 
! Undefined control sequence.
<argument> \numC 
                 
l.405   \end{align*}
                    
? 
! Undefined control sequence.
<argument> \numC 
                 
l.405   \end{align*}
                    
? 
! Undefined control sequence.
<argument> \numC 
                 
l.405   \end{align*}
                    
? 

LaTeX Warning: Reference `eq:deltavar' on page 12 undefined on input line 407.

! Undefined control sequence.
<argument>  \Delta Var & = E[g_D] + E[g_I]/{\numC 
                                                  } - E[f_D] - E[f_I]/\numC ...
l.416 \end{align*}
                  
? 
! Undefined control sequence.
<argument> ...I]/{\numC } - E[f_D] - E[f_I]/\numC 
                                                  \\ & = - E[g_I] + E[g_I]/{...
l.416 \end{align*}
                  
? 
! Undefined control sequence.
<argument> ...umC \\ & = - E[g_I] + E[g_I]/{\numC 
                                                  } + E[f_I] - E[f_I]/{\numC...
l.416 \end{align*}
                  
? 
! Undefined control sequence.
<argument> ...]/{\numC } + E[f_I] - E[f_I]/{\numC 
                                                  }\\ & = \frac {{\numC }-1}...
l.416 \end{align*}
                  
? 
! Undefined control sequence.
<argument> {\numC 
                  }-1
l.416 \end{align*}
                  
? 
! Undefined control sequence.
<argument> \numC 
                 
l.416 \end{align*}
                  
? 
! Undefined control sequence.
<argument> {\numC 
                  }-1
l.416 \end{align*}
                  
? 
! Undefined control sequence.
<argument> {\numC 
                  }^2
l.416 \end{align*}
                  
? 
! Undefined control sequence.
<argument>  \Delta Var & = E[g_D] + E[g_I]/{\numC 
                                                  } - E[f_D] - E[f_I]/\numC ...
l.416 \end{align*}
                  
? 
! Undefined control sequence.
<argument> ...I]/{\numC } - E[f_D] - E[f_I]/\numC 
                                                  \\ & = - E[g_I] + E[g_I]/{...
l.416 \end{align*}
                  
? 
! Undefined control sequence.
<argument> ...umC \\ & = - E[g_I] + E[g_I]/{\numC 
                                                  } + E[f_I] - E[f_I]/{\numC...
l.416 \end{align*}
                  
? 
! Undefined control sequence.
<argument> ...]/{\numC } + E[f_I] - E[f_I]/{\numC 
                                                  }\\ & = \frac {{\numC }-1}...
l.416 \end{align*}
                  
? 
! Undefined control sequence.
<argument> {\numC 
                  }-1
l.416 \end{align*}
                  
? 
! Undefined control sequence.
<argument> \numC 
                 
l.416 \end{align*}
                  
? 
! Undefined control sequence.
<argument> {\numC 
                  }-1
l.416 \end{align*}
                  
? 
! Undefined control sequence.
<argument> {\numC 
                  }^2
l.416 \end{align*}
                  
? 
! Undefined control sequence.
l.447 $\sum_{k=1}^{\numC
                        } k \left [ P(H_k) + P(H_k^c) \right ]$. Thus, in th...

? 
! Undefined control sequence.
<argument>  \sum _{k=1}^{\numC 
                               } k \left [ P(F_k) + P(F_k^c) \right ] = \sum...
l.450 \end{align*}
                  
? 
! Undefined control sequence.
<argument> ..._k^c) \right ] = \sum _{k=1}^{\numC 
                                                  } k \left [ P(G_k) + P(G_k...
l.450 \end{align*}
                  
? 
! Undefined control sequence.
<argument>  \sum _{k=1}^{\numC 
                               } k \left [ P(F_k) + P(F_k^c) \right ] = \sum...
l.450 \end{align*}
                  
? 
! Undefined control sequence.
<argument> ..._k^c) \right ] = \sum _{k=1}^{\numC 
                                                  } k \left [ P(G_k) + P(G_k...
l.450 \end{align*}
                  
? 

Package hyperref Warning: Token not allowed in a PDF string (PDFDocEncoding):
(hyperref)                removing `math shift' on input line 455.


Package hyperref Warning: Token not allowed in a PDF string (PDFDocEncoding):
(hyperref)                removing `math shift' on input line 455.

[12]
! Undefined control sequence.
l.459 ...le $v_m$ has deterministic value $m/\numC
                                                  $ and thus:
? 
! Undefined control sequence.
<argument> \numC 
                 
l.461 E[u(v_m)]=u\left(\frac{m}{\numC}
                                       \right).\notag% \label{eq:m_vac}
? 
! Undefined control sequence.
l.463 ... classification with probability $1/\numC
                                                  $ (see Proposition~\ref{pr...

? 

LaTeX Warning: Reference `pr:r-v' on page 13 undefined on input line 463.

! Undefined control sequence.
<argument> \numC 
                 
l.466 Bin(\ell,m,\frac{1}{\numC}
                                )=\binom{\ell}{m}\frac{1}{\numC}^\ell\left(1...

? 
! Undefined control sequence.
<argument> \numC 
                 
l.466 ...1}{\numC})=\binom{\ell}{m}\frac{1}{\numC}
                                                  ^\ell\left(1-\frac{1}{\num...

? 
! Undefined control sequence.
<argument> \numC 
                 
l.466 ...rac{1}{\numC}^\ell\left(1-\frac{1}{\numC}
                                                  \right)^{m-\ell}.
? 
! Undefined control sequence.
<argument> \numC 
                 
l.470 ...l=1}^{m}u(\ell)Bin(\ell,m,\frac{1}{\numC}
                                                  ).\label{eq:m_ran}
? 

LaTeX Warning: Reference `eq:m_ran' on page 13 undefined on input line 472.


LaTeX Warning: Reference `eq:second_order_appr' on page 13 undefined on input l
ine 472.


LaTeX Warning: Reference `eq:second_order_appr' on page 13 undefined on input l
ine 478.

! Undefined control sequence.
<argument> \numC 
                 
l.484 \end{align}
                 
? 
! Undefined control sequence.
<argument> \numC 
                 
l.484 \end{align}
                 
? 
! Undefined control sequence.
<argument> \numC 
                 
l.484 \end{align}
                 
? 
! Undefined control sequence.
<argument> \numC 
                 
l.484 \end{align}
                 
? 
! Undefined control sequence.
<argument> \numC 
                 
l.484 \end{align}
                 
? 
! Undefined control sequence.
<argument> \numC 
                 
l.484 \end{align}
                 
? 
! Undefined control sequence.
<argument> \numC 
                 
l.484 \end{align}
                 
? 
! Undefined control sequence.
<argument> \numC 
                 
l.484 \end{align}
                 
? 
! Undefined control sequence.
<argument> \numC 
                 
l.492 \end{align}
                 
? 
! Undefined control sequence.
<argument> \numC 
                 
l.492 \end{align}
                 
? 
! Undefined control sequence.
<argument> \numC 
                 
l.492 \end{align}
                 
? 
! Undefined control sequence.
<argument> \numC 
                 
l.492 \end{align}
                 
? 
! Undefined control sequence.
<argument> \numC 
                 
l.492 \end{align}
                 
? 
! Undefined control sequence.
<argument> \numC 
                 
l.492 \end{align}
                 
? 
! Undefined control sequence.
<argument> \numC 
                 
l.492 \end{align}
                 
? 
! Undefined control sequence.
<argument> \numC 
                 
l.492 \end{align}
                 
? 
! Undefined control sequence.
<argument> 2\numC 
                  
l.493 ...roportionality constant $\frac{1}{2\numC}
                                                  \left(1-\frac{1}{\numC}\ri...

? 
! Undefined control sequence.
<argument> \numC 
                 
l.493 ... $\frac{1}{2\numC}\left(1-\frac{1}{\numC}
                                                  \right)>0$.
? 

LaTeX Warning: Reference `fig:log_util' on page 13 undefined on input line 494.


LaTeX Font Info:    Font shape `OT1/ptm/bx/n' in size <9> not available
(Font)              Font shape `OT1/ptm/b/n' tried instead on input line 500.
LaTeX Font Info:    Font shape `OT1/ptm/bx/n' in size <7> not available
(Font)              Font shape `OT1/ptm/b/n' tried instead on input line 500.
! Undefined control sequence.
<argument> \numC 
                 
l.515 d'(m)=\frac{1}{(\frac{m}{\numC}+1)^2}
                                           -2\frac{\frac{m}{\numC}}{(\frac{m...

? 
! Undefined control sequence.
<argument> \numC 
                 
l.515 ...c{\frac{m}{\numC}}{(\frac{m}{\numC}+1)^3}
                                                  
? 
! Undefined control sequence.
<argument> \numC 
                 
l.515 ...c{\frac{m}{\numC}}{(\frac{m}{\numC}+1)^3}
                                                  
? 
! Undefined control sequence.
<argument> \numC 
                 
l.516 \propto 1-\frac{m}{\numC}
                               ,\label{eq:d1m}
? 
[13pdfTeX warning (ext4): destination with the same identifier (name{equation.8
.6}) has been already used, duplicate ignored

\AtBegShi@Output ...ipout \box \AtBeginShipoutBox 
                                                  \fi \fi 
l.517 \end{equation}
                    ]
! Undefined control sequence.
<argument> \numC 
                 
l.518 ...tained considering that $(\frac{m}{\numC}
                                                  +1)^3>0$.
? 

LaTeX Warning: Reference `eq:d' on page 14 undefined on input line 519.


LaTeX Warning: Reference `eq:d1m' on page 14 undefined on input line 519.

! Undefined control sequence.
l.520 will monotonically increase up to $m<\numC
                                                $ (\emph{inversion point}), ...

? 
! Undefined control sequence.
<recently read> \numC 
                      
l.523 It also follows that increasing $\numC
                                            $ delays the convergence of the ...

? 

LaTeX Warning: Reference `fig:log_util' on page 14 undefined on input line 523.


! Undefined control sequence.
<argument> \numC 
                 
l.533 \end{gather}
                  
? 
! Undefined control sequence.
<argument> \numC 
                 
l.533 \end{gather}
                  
? 
! Undefined control sequence.
<argument> \numC 
                 
l.533 \end{gather}
                  
? 
! Undefined control sequence.
<argument> \numC 
                 
l.533 \end{gather}
                  
? 
! Undefined control sequence.
<argument> \numC 
                 
l.533 \end{gather}
                  
? 
! Undefined control sequence.
<argument> \numC 
                 
l.533 \end{gather}
                  
? 
! Undefined control sequence.
<argument> \numC 
                 
l.533 \end{gather}
                  
? 
! Undefined control sequence.
<argument> \numC 
                 
l.533 \end{gather}
                  
? 
! Undefined control sequence.
<argument> \numC 
                 
l.533 \end{gather}
                  
? 
! Undefined control sequence.
<argument> \numC 
                 
l.533 \end{gather}
                  
? 
! Undefined control sequence.
<argument> \numC 
                 
l.538 \end{gather}
                  
? 
! Undefined control sequence.
<argument> \numC 
                 
l.538 \end{gather}
                  
? 
! Undefined control sequence.
<argument> \numC 
                 
l.538 \end{gather}
                  
? 
! Undefined control sequence.
<argument> \numC 
                 
l.538 \end{gather}
                  
? 
! Undefined control sequence.
<argument> \numC 
                 
l.538 \end{gather}
                  
? 
! Undefined control sequence.
<argument> \numC 
                 
l.538 \end{gather}
                  
? 
! Undefined control sequence.
<argument> \numC 
                 
l.538 \end{gather}
                  
? 
! Undefined control sequence.
<argument> \numC 
                 
l.538 \end{gather}
                  
? 
! Undefined control sequence.
<argument> \numC 
                 
l.539 ...constant is $\frac{a^2}{2}\frac{1}{\numC}
                                                  \left(1-\frac{1}{\numC}\ri...

? 
! Undefined control sequence.
<argument> \numC 
                 
l.539 ...{2}\frac{1}{\numC}\left(1-\frac{1}{\numC}
                                                  \right)>0$.
? 
! Undefined control sequence.
<argument> \numC 
                 
l.544 \end{align}
                 
? 
! Undefined control sequence.
<argument> \numC 
                 
l.544 \end{align}
                 
? 
! Undefined control sequence.
<argument> \numC 
                 
l.545 ...oint is now located at $m=\frac{\numC}{a}
                                                  $.
? 
[14]

LaTeX Warning: Reference `fig:quad_utils' on page 15 undefined on input line 55
9.


Package natbib Warning: Citation `buccola1982portfolio' on page 15 undefined on
 input line 576.


LaTeX Warning: Reference `eq:second_order_appr' on page 15 undefined on input l
ine 576.


Package natbib Warning: Citation `duda1973' on page 15 undefined on input line 
579.


Package natbib Warning: Citation `zaffalon1999a' on page 15 undefined on input 
line 579.


Package natbib Warning: Citation `zaffalon2001a' on page 15 undefined on input 
line 579.


Package natbib Warning: Citation `corani2008a' on page 15 undefined on input li
ne 579.

[15]

LaTeX Warning: Reference `fig:expe' on page 16 undefined on input line 639.

! Undefined control sequence.
<recently read> \set 
                     
l.639 ...rance, NBC is doing better than the $\set
                                                  {K}$-random guesser, namel...

? 

LaTeX Warning: Reference `fig:kr-kp' on page 16 undefined on input line 703.

[16]

Package natbib Warning: Citation `demsar06jmlr' on page 17 undefined on input l
ine 737.

! Undefined control sequence.
<recently read> \set 
                     
l.741 ...most often performs better than the $\set
                                                  {K}$-random guesser on the...

? 

LaTeX Warning: Reference `fig:nbcVSncc' on page 17 undefined on input line 743.



! Package pgfplots Error: Could not read table file 'nbcvsncc.csv'. In case you
 intended to provide inline data: maybe TeX screwed up your end-of-lines? Try `
row sep=crcr' and terminate your lines with `\\' (refer to the pgfplotstable ma
nual for details).

See the pgfplots package documentation for explanation.
Type  H <return>  for immediate help.
 ...                                              
                                                  
l.757 }
       
? 
PGFPlots: reading {nbcvsncc.csv}
! Package pgfplots Warning: the current plot has no coordinates (or all have be
en filtered away)

! Package pgfplots Error: Could not read table file 'nbcvsnccwfs.csv'. In case 
you intended to provide inline data: maybe TeX screwed up your end-of-lines? Tr
y `row sep=crcr' and terminate your lines with `\\' (refer to the pgfplotstable
 manual for details).

See the pgfplots package documentation for explanation.
Type  H <return>  for immediate help.
 ...                                              
                                                  
l.766 }
       
? 
PGFPlots: reading {nbcvsnccwfs.csv}
! Package pgfplots Warning: the current plot has no coordinates (or all have be
en filtered away)

! Package pgfplots Error: Could not read table file 'nbcvsncc.csv'. In case you
 intended to provide inline data: maybe TeX screwed up your end-of-lines? Try `
row sep=crcr' and terminate your lines with `\\' (refer to the pgfplotstable ma
nual for details).

See the pgfplots package documentation for explanation.
Type  H <return>  for immediate help.
 ...                                              
                                                  
l.775 }
       
? 
PGFPlots: reading {nbcvsncc.csv}
! Package pgfplots Warning: the current plot has no coordinates (or all have be
en filtered away)

! Package pgfplots Error: Could not read table file 'nbcvsnccwfs.csv'. In case 
you intended to provide inline data: maybe TeX screwed up your end-of-lines? Tr
y `row sep=crcr' and terminate your lines with `\\' (refer to the pgfplotstable
 manual for details).

See the pgfplots package documentation for explanation.
Type  H <return>  for immediate help.
 ...                                              
                                                  
l.784   }
         
? 
PGFPlots: reading {nbcvsnccwfs.csv}
! Package pgfplots Warning: the current plot has no coordinates (or all have be
en filtered away)

Package natbib Warning: Citation `corani2010restricting' on page 17 undefined o
n input line 810.


LaTeX Warning: Reference `fig:nbcVSncc' on page 17 undefined on input line 814.


[17]

Package natbib Warning: Citation `itip' on page 18 undefined on input line 858.



LaTeX Warning: Reference `fig:quad_utils' on page 18 undefined on input line 86
0.


LaTeX Warning: Reference `tab:medians' on page 18 undefined on input line 860.


LaTeX Warning: Reference `tab:determinacies' on page 18 undefined on input line
 860.


Package natbib Warning: Citation `demsar06jmlr' on page 18 undefined on input l
ine 888.


LaTeX Warning: Reference `tab:ranks' on page 18 undefined on input line 888.


LaTeX Warning: Reference `fig:dacc-ranks' on page 18 undefined on input line 88
8.

[18]

LaTeX Warning: Reference `tab:detnofs' on page 19 undefined on input line 916.


LaTeX Warning: Reference `tab:u80nofs' on page 19 undefined on input line 916.

[19]

LaTeX Warning: Reference `tab:determinacies-with-feat-sel' on page 20 undefined
 on input line 921.


LaTeX Warning: Reference `tab:medians-with-feat-sel' on page 20 undefined on in
put line 921.


LaTeX Warning: Reference `tab:determinacies' on page 20 undefined on input line
 921.


LaTeX Warning: Reference `tab:medians' on page 20 undefined on input line 921.


LaTeX Warning: Reference `tab:ranks-with-featsel' on page 20 undefined on input
 line 921.

Missing character: There is no  in font ptmr7t!
Missing character: There is no  in font ptmr7t!
[20]

Package natbib Warning: Citation `JdalCozlearning' on page 21 undefined on inpu
t line 968.

! Undefined control sequence.
<recently read> \set 
                     
l.976 Let $\set
               {K}\subseteq\set{C}$ be a set-valued prediction made of $\num...

? 
! Undefined control sequence.
l.976 Let $\set{K}\subseteq\set
                               {C}$ be a set-valued prediction made of $\num...

? 
! Undefined control sequence.
<recently read> \numK 
                      
l.976 ...be a set-valued prediction made of $\numK
                                                  $ classes and $\I_{\set{K}...

? 
! Undefined control sequence.
<recently read> \I 
                   
l.976 ...rediction made of $\numK$ classes and $\I
                                                  _{\set{K}}$ the indicator ...

? 
! Undefined control sequence.
l.976 ...ion made of $\numK$ classes and $\I_{\set
                                                  {K}}$ the indicator functi...

? 
! Undefined control sequence.
<recently read> \set 
                     
l.976 ...\set{K}}$ the indicator function of $\set
                                                  {K}$, namely whether it co...

? 
! Undefined control sequence.
l.979 r(\set
            {K})\coloneqq\I_{\set{K}}, \nonumber \\
? 
! Undefined control sequence.
l.979 r(\set{K})\coloneqq\I
                           _{\set{K}}, \nonumber \\
? 
! Undefined control sequence.
l.979 r(\set{K})\coloneqq\I_{\set
                                 {K}}, \nonumber \\
? 
! Undefined control sequence.
l.980 p(\set
            {K})\coloneqq\frac{\I_{\set{K}}}{\numK}. \nonumber
? 
! Undefined control sequence.
<argument> \I 
              _{\set {K}}
l.980 ...et{K})\coloneqq\frac{\I_{\set{K}}}{\numK}
                                                  . \nonumber
? 
! Undefined control sequence.
<argument> \I _{\set 
                     {K}}
l.980 ...et{K})\coloneqq\frac{\I_{\set{K}}}{\numK}
                                                  . \nonumber
? 
! Undefined control sequence.
<argument> \numK 
                 
l.980 ...et{K})\coloneqq\frac{\I_{\set{K}}}{\numK}
                                                  . \nonumber
? 
! Undefined control sequence.
l.985  F_{\beta}(\set
                     {K})\coloneqq\frac{(1+\beta^2) pr}{\beta^2p+r}.
? 

LaTeX Warning: Reference `tab:prec-recall' on page 21 undefined on input line 9
87.

! Undefined control sequence.
\pgfplots@label@ ->${\numK 
                           }$
l.1013     \end{axis}
                     
? 

LaTeX Warning: Reference `fig:f_metric_quad_utils' on page 21 undefined on inpu
t line 1019.

! Undefined control sequence.
<recently read> \numK 
                      
l.1020 ...$ is comprised, for any value of  $\numK
                                                  $, between $u_{65}$ and $u...

? 

LaTeX Warning: Reference `tab:prec-recall' on page 21 undefined on input line 1
020.

[21pdfTeX warning (ext4): destination with the same identifier (name{equation.9
.9}) has been already used, duplicate ignored

\AtBegShi@Output ...ipout \box \AtBeginShipoutBox 
                                                  \fi \fi 
l.1021 
       ]

Package natbib Warning: Citation `JdalCozlearning' on page 22 undefined on inpu
t line 1024.


Package natbib Warning: Citation `corani2010restricting' on page 22 undefined o
n input line 1025.


! Package pgfplots Error: Could not read table file 'ncc_ndc_results.csv'. In c
ase you intended to provide inline data: maybe TeX screwed up your end-of-lines
? Try `row sep=crcr' and terminate your lines with `\\' (refer to the pgfplotst
able manual for details).

See the pgfplots package documentation for explanation.
Type  H <return>  for immediate help.
 ...                                              
                                                  
l.1043 }
        
? 
PGFPlots: reading {ncc_ndc_results.csv}
! Package pgfplots Warning: the current plot has no coordinates (or all have be
en filtered away)

! Package pgfplots Error: Could not read table file 'ncc_ndc_results.csv'. In c
ase you intended to provide inline data: maybe TeX screwed up your end-of-lines
? Try `row sep=crcr' and terminate your lines with `\\' (refer to the pgfplotst
able manual for details).

See the pgfplots package documentation for explanation.
Type  H <return>  for immediate help.
 ...                                              
                                                  
l.1055 }
        
? 
PGFPlots: reading {ncc_ndc_results.csv}
! Package pgfplots Warning: the current plot has no coordinates (or all have be
en filtered away)

! Package pgfplots Error: Could not read table file 'ncc_ndc_results.csv'. In c
ase you intended to provide inline data: maybe TeX screwed up your end-of-lines
? Try `row sep=crcr' and terminate your lines with `\\' (refer to the pgfplotst
able manual for details).

See the pgfplots package documentation for explanation.
Type  H <return>  for immediate help.
 ...                                              
                                                  
l.1067 }
        
? 
PGFPlots: reading {ncc_ndc_results.csv}
! Package pgfplots Warning: the current plot has no coordinates (or all have be
en filtered away)

! Package pgfplots Error: Could not read table file 'ncc_ndc_results.csv'. In c
ase you intended to provide inline data: maybe TeX screwed up your end-of-lines
? Try `row sep=crcr' and terminate your lines with `\\' (refer to the pgfplotst
able manual for details).

See the pgfplots package documentation for explanation.
Type  H <return>  for immediate help.
 ...                                              
                                                  
l.1079 }
        
? 
PGFPlots: reading {ncc_ndc_results.csv}
! Package pgfplots Warning: the current plot has no coordinates (or all have be
en filtered away)

LaTeX Warning: Reference `fig:ncc-ndc' on page 22 undefined on input line 1083.



Package natbib Warning: Citation `corani2008a' on page 22 undefined on input li
ne 1087.


Package natbib Warning: Citation `hand2001idiot' on page 22 undefined on input 
line 1088.

[22]

LaTeX Warning: Reference `tab:ncc-nnd' on page 23 undefined on input line 1092.



Package natbib Warning: Citation `JdalCozlearning' on page 23 undefined on inpu
t line 1092.


Package natbib Warning: Citation `JdalCozlearning' on page 23 undefined on inpu
t line 1109.


LaTeX Warning: Reference `sec:coz' on page 23 undefined on input line 1115.

! Undefined control sequence.
<recently read> \set 
                     
l.1117 ...binary classification problem with $\set
                                                  {C}=\{1,2\}$; moreover, we...

? 
[23]
! Undefined control sequence.
<recently read> \I 
                   
l.1125 ...rewards other than 0-1 (as in matrix $\I
                                                  $). In fact, decision theo...

? 
! Undefined control sequence.
<recently read> \I 
                   
l.1125 ...timal choice of a class under matrix $\I
                                                  $ is the one that maximize...

? X
 
Here is how much of TeX's memory you used:
 22294 strings out of 493747
 441114 string characters out of 3143546
 622519 words of memory out of 3000000
 24515 multiletter control sequences out of 15000+200000
 68291 words of font info for 306 fonts, out of 3000000 for 9000
 875 hyphenation exceptions out of 8191
 51i,20n,93p,1459b,1713s stack positions out of 5000i,500n,10000p,200000b,50000s
{/usr/local/texlive/2010/texmf-dist/fonts/enc/dvips/base/8r.enc}</usr/local/tex
live/2010/texmf-dist/fonts/type1/public/amsfonts/cm/cmex10.pfb></usr/local/texl
ive/2010/texmf-dist/fonts/type1/public/amsfonts/cm/cmmi10.pfb></usr/local/texli
ve/2010/texmf-dist/fonts/type1/public/amsfonts/cm/cmr10.pfb></usr/local/texlive
/2010/texmf-dist/fonts/type1/public/amsfonts/cm/cmsy10.pfb></usr/local/texlive/
2010/texmf-dist/fonts/type1/public/amsfonts/symbols/msam10.pfb></usr/local/texl
ive/2010/texmf-dist/fonts/type1/public/amsfonts/symbols/msbm10.pfb></usr/local/
texlive/2010/texmf-dist/fonts/type1/urw/courier/ucrr8a.pfb></usr/local/texlive/
2010/texmf-dist/fonts/type1/urw/symbol/usyr.pfb></usr/local/texlive/2010/texmf-
dist/fonts/type1/urw/symbol/usyr.pfb></usr/local/texlive/2010/texmf-dist/fonts/
type1/urw/times/utmb8a.pfb></usr/local/texlive/2010/texmf-dist/fonts/type1/urw/
times/utmr8a.pfb></usr/local/texlive/2010/texmf-dist/fonts/type1/urw/times/utmr
i8a.pfb>
Output written on metric.pdf (23 pages, 236021 bytes).
PDF statistics:
 254 PDF objects out of 1000 (max. 8388607)
 212 compressed objects within 3 object streams
 94 named destinations out of 1000 (max. 500000)
 39941 words of extra memory for PDF output out of 42996 (max. 10000000)

